0    [Thread-1] INFO  org.himinbi.othello.client.ai.BotBase  - Connected to server: CSC424 Othello Server (All Othello All The Time)
11802 [Thread-1] INFO  org.himinbi.othello.client.ai.BotBase  - Starting game with: will playing as black
11811 [Thread-1] DEBUG org.himinbi.othello.client.ai.GreedyBot  - Moving to: [5, 6]
14616 [Thread-1] ERROR org.himinbi.othello.client.ai.BotBase  - Server Error Error: will rejected game (Don't feel like playing)
144564 [Thread-1] INFO  org.himinbi.othello.client.ai.BotBase  - Starting game with: will playing as white
146501 [Thread-1] ERROR org.himinbi.othello.client.ai.BotBase  - Server Error Error: will rejected game (Don't feel like playing)
151054 [Thread-1] INFO  org.himinbi.othello.client.ai.BotBase  - Starting game with: will playing as black
151062 [Thread-1] DEBUG org.himinbi.othello.client.ai.GreedyBot  - Moving to: [5, 6]
157712 [Thread-1] DEBUG org.himinbi.othello.client.ai.BotBase  - Opponent moved to: [6, 6]
157726 [Thread-1] DEBUG org.himinbi.othello.client.ai.GreedyBot  - Moving to: [7, 6]
159161 [Thread-1] DEBUG org.himinbi.othello.client.ai.BotBase  - Opponent moved to: [7, 7]
159165 [Thread-1] DEBUG org.himinbi.othello.client.ai.GreedyBot  - Moving to: [7, 8]
161665 [Thread-1] DEBUG org.himinbi.othello.client.ai.BotBase  - Opponent moved to: [5, 7]
161666 [Thread-1] DEBUG org.himinbi.othello.client.ai.GreedyBot  - Moving to: [5, 8]
163225 [Thread-1] DEBUG org.himinbi.othello.client.ai.BotBase  - Opponent moved to: [4, 8]
163228 [Thread-1] DEBUG org.himinbi.othello.client.ai.GreedyBot  - Moving to: [3, 8]
166679 [Thread-1] DEBUG org.himinbi.othello.client.ai.BotBase  - Opponent moved to: [4, 6]
166681 [Thread-1] DEBUG org.himinbi.othello.client.ai.GreedyBot  - Moving to: [3, 6]
168281 [Thread-1] DEBUG org.himinbi.othello.client.ai.BotBase  - Opponent moved to: [3, 5]
168282 [Thread-1] DEBUG org.himinbi.othello.client.ai.GreedyBot  - Moving to: [3, 7]
173564 [Thread-1] DEBUG org.himinbi.othello.client.ai.BotBase  - Opponent moved to: [8, 8]
173565 [Thread-1] DEBUG org.himinbi.othello.client.ai.GreedyBot  - Moving to: [6, 8]
180218 [Thread-1] DEBUG org.himinbi.othello.client.ai.BotBase  - Opponent moved to: [5, 3]
180218 [Thread-1] DEBUG org.himinbi.othello.client.ai.GreedyBot  - Moving to: [8, 6]
185551 [Thread-1] DEBUG org.himinbi.othello.client.ai.BotBase  - Opponent moved to: [2, 6]
185551 [Thread-1] DEBUG org.himinbi.othello.client.ai.GreedyBot  - Moving to: [1, 6]
190086 [Thread-1] DEBUG org.himinbi.othello.client.ai.BotBase  - Opponent moved to: [2, 7]
190088 [Thread-1] DEBUG org.himinbi.othello.client.ai.GreedyBot  - Moving to: [1, 7]
192924 [Thread-1] DEBUG org.himinbi.othello.client.ai.BotBase  - Opponent moved to: [1, 8]
192925 [Thread-1] DEBUG org.himinbi.othello.client.ai.GreedyBot  - Moving to: [2, 8]
197307 [Thread-1] DEBUG org.himinbi.othello.client.ai.BotBase  - Opponent moved to: [4, 7]
197308 [Thread-1] DEBUG org.himinbi.othello.client.ai.GreedyBot  - Moving to: [6, 2]
200533 [Thread-1] DEBUG org.himinbi.othello.client.ai.BotBase  - Opponent moved to: [1, 5]
200541 [Thread-1] DEBUG org.himinbi.othello.client.ai.GreedyBot  - Moving to: [6, 3]
202896 [Thread-1] DEBUG org.himinbi.othello.client.ai.BotBase  - Opponent moved to: [7, 1]
202897 [Thread-1] DEBUG org.himinbi.othello.client.ai.GreedyBot  - Moving to: [6, 1]
208555 [Thread-1] DEBUG org.himinbi.othello.client.ai.BotBase  - Opponent moved to: [6, 5]
208556 [Thread-1] DEBUG org.himinbi.othello.client.ai.GreedyBot  - Moving to: [8, 1]
211092 [Thread-1] DEBUG org.himinbi.othello.client.ai.BotBase  - Opponent moved to: [7, 2]
211093 [Thread-1] DEBUG org.himinbi.othello.client.ai.GreedyBot  - Moving to: [2, 5]
215548 [Thread-1] DEBUG org.himinbi.othello.client.ai.BotBase  - Opponent moved to: [6, 7]
215549 [Thread-1] DEBUG org.himinbi.othello.client.ai.GreedyBot  - Moving to: [7, 5]
217410 [Thread-1] DEBUG org.himinbi.othello.client.ai.BotBase  - Opponent moved to: [8, 7]
217411 [Thread-1] DEBUG org.himinbi.othello.client.ai.GreedyBot  - Moving to: [8, 2]
221776 [Thread-1] DEBUG org.himinbi.othello.client.ai.BotBase  - Opponent moved to: [7, 4]
221776 [Thread-1] DEBUG org.himinbi.othello.client.ai.GreedyBot  - Moving to: [8, 3]
224572 [Thread-1] DEBUG org.himinbi.othello.client.ai.BotBase  - Opponent moved to: [6, 4]
224581 [Thread-1] DEBUG org.himinbi.othello.client.ai.GreedyBot  - Moving to: [8, 5]
226778 [Thread-1] DEBUG org.himinbi.othello.client.ai.BotBase  - Opponent moved to: [7, 3]
226779 [Thread-1] DEBUG org.himinbi.othello.client.ai.GreedyBot  - Moving to: [5, 2]
229006 [Thread-1] DEBUG org.himinbi.othello.client.ai.BotBase  - Opponent moved to: [5, 1]
229006 [Thread-1] DEBUG org.himinbi.othello.client.ai.GreedyBot  - Moving to: [8, 4]
233090 [Thread-1] DEBUG org.himinbi.othello.client.ai.BotBase  - Opponent moved to: [2, 4]
233091 [Thread-1] DEBUG org.himinbi.othello.client.ai.GreedyBot  - Moving to: [1, 3]
236589 [Thread-1] DEBUG org.himinbi.othello.client.ai.BotBase  - Opponent moved to: [3, 4]
236589 [Thread-1] DEBUG org.himinbi.othello.client.ai.GreedyBot  - Moving to: [3, 3]
239112 [Thread-1] DEBUG org.himinbi.othello.client.ai.BotBase  - Opponent moved to: [4, 3]
239112 [Thread-1] DEBUG org.himinbi.othello.client.ai.GreedyBot  - Moving to: [4, 2]
240645 [Thread-1] DEBUG org.himinbi.othello.client.ai.BotBase  - Opponent moved to: [4, 1]
240646 [Thread-1] DEBUG org.himinbi.othello.client.ai.GreedyBot  - Moving to: [3, 1]
242854 [Thread-1] DEBUG org.himinbi.othello.client.ai.BotBase  - Opponent moved to: [3, 2]
242854 [Thread-1] DEBUG org.himinbi.othello.client.ai.GreedyBot  - Moving to: [2, 2]
244474 [Thread-1] DEBUG org.himinbi.othello.client.ai.BotBase  - Opponent moved to: [1, 1]
244475 [Thread-1] DEBUG org.himinbi.othello.client.ai.GreedyBot  - Moving to: [1, 2]
248515 [Thread-1] DEBUG org.himinbi.othello.client.ai.BotBase  - Opponent moved to: [1, 4]
248516 [Thread-1] DEBUG org.himinbi.othello.client.ai.GreedyBot  - Moving to: [2, 3]
250250 [Thread-1] DEBUG org.himinbi.othello.client.ai.BotBase  - Opponent moved to: [2, 1]
250250 [Thread-1] DEBUG org.himinbi.othello.client.ai.GreedyBot  - Skipping move
250283 [Thread-1] INFO  org.himinbi.othello.client.ai.BotBase  - Won: winning pieces = 42 / total pieces = 64
79309766 [Thread-1] INFO  org.himinbi.othello.client.ai.BotBase  - Starting game with: Marc playing as white
79312031 [Thread-1] ERROR org.himinbi.othello.client.ai.BotBase  - Server Error Error: Marc rejected game (Don't feel like playing)
79349998 [Thread-1] INFO  org.himinbi.othello.client.ai.BotBase  - Starting game with: Marc playing as white
79383913 [Thread-1] DEBUG org.himinbi.othello.client.ai.BotBase  - Opponent moved to: [6, 5]
79383913 [Thread-1] DEBUG org.himinbi.othello.client.ai.GreedyBot  - Moving to: [6, 6]
79394275 [Thread-1] DEBUG org.himinbi.othello.client.ai.BotBase  - Opponent moved to: [6, 7]
79394276 [Thread-1] DEBUG org.himinbi.othello.client.ai.GreedyBot  - Moving to: [7, 7]
79405680 [Thread-1] DEBUG org.himinbi.othello.client.ai.BotBase  - Opponent moved to: [5, 6]
79405681 [Thread-1] DEBUG org.himinbi.othello.client.ai.GreedyBot  - Moving to: [6, 8]
79423128 [Thread-1] DEBUG org.himinbi.othello.client.ai.BotBase  - Opponent moved to: [8, 8]
79423128 [Thread-1] DEBUG org.himinbi.othello.client.ai.GreedyBot  - Moving to: [8, 7]
79431303 [Thread-1] DEBUG org.himinbi.othello.client.ai.BotBase  - Opponent moved to: [8, 6]
79431304 [Thread-1] DEBUG org.himinbi.othello.client.ai.GreedyBot  - Moving to: [6, 4]
79493925 [Thread-1] ERROR org.himinbi.othello.client.ai.BotBase  - Server Error Error: Forfiet: player quit
79493968 [Thread-1] INFO  org.himinbi.othello.client.ai.BotBase  - Won: winning pieces = 8 / total pieces = 14
79915833 [Thread-1] INFO  org.himinbi.othello.client.ai.BotBase  - Starting game with: Marc playing as black
79915834 [Thread-1] DEBUG org.himinbi.othello.client.ai.GreedyBot  - Moving to: [5, 6]
79975879 [Thread-1] ERROR org.himinbi.othello.client.ai.BotBase  - Server Error Error: Forfiet: player quit
79975914 [Thread-1] INFO  org.himinbi.othello.client.ai.BotBase  - Won: winning pieces = 4 / total pieces = 5
80089626 [Thread-1] INFO  org.himinbi.othello.client.ai.BotBase  - Starting game with: sdf playing as black
80089626 [Thread-1] DEBUG org.himinbi.othello.client.ai.GreedyBot  - Moving to: [5, 6]
80100266 [Thread-1] DEBUG org.himinbi.othello.client.ai.BotBase  - Opponent moved to: [6, 6]
80100267 [Thread-1] DEBUG org.himinbi.othello.client.ai.GreedyBot  - Moving to: [7, 6]
80107576 [Thread-1] DEBUG org.himinbi.othello.client.ai.BotBase  - Opponent moved to: [7, 7]
80107576 [Thread-1] DEBUG org.himinbi.othello.client.ai.GreedyBot  - Moving to: [7, 8]
80113187 [Thread-1] DEBUG org.himinbi.othello.client.ai.BotBase  - Opponent moved to: [8, 8]
80113188 [Thread-1] DEBUG org.himinbi.othello.client.ai.GreedyBot  - Moving to: [6, 5]
80128135 [Thread-1] DEBUG org.himinbi.othello.client.ai.BotBase  - Opponent moved to: [8, 6]
80128135 [Thread-1] DEBUG org.himinbi.othello.client.ai.GreedyBot  - Moving to: [8, 7]
80135070 [Thread-1] DEBUG org.himinbi.othello.client.ai.BotBase  - Opponent moved to: [6, 8]
80135070 [Thread-1] DEBUG org.himinbi.othello.client.ai.GreedyBot  - Moving to: [6, 7]
