99.06.02 09:18 B V:\will\web\java3d\scene_graph_key\group_symbol.gif <-- lisa /users/wjholcom/WWW/java3d group_symbol.gif
99.06.02 09:18 B V:\will\web\java3d\scene_graph_key\leaf_symbol.gif <-- lisa /users/wjholcom/WWW/java3d leaf_symbol.gif
99.06.02 09:18 B V:\will\web\java3d\scene_graph_key\locale_symbol.gif <-- lisa /users/wjholcom/WWW/java3d locale_symbol.gif
99.06.02 09:18 B V:\will\web\java3d\scene_graph_key\node_component_symbol.gif <-- lisa /users/wjholcom/WWW/java3d node_component_symbol.gif
99.06.02 09:18 B V:\will\web\java3d\scene_graph_key\other_objects_symbol.gif <-- lisa /users/wjholcom/WWW/java3d other_objects_symbol.gif
99.06.02 09:18 B V:\will\web\java3d\scene_graph_key\parent_child_link_symbol.gif <-- lisa /users/wjholcom/WWW/java3d parent_child_link_symbol.gif
99.06.02 09:18 B V:\will\web\java3d\scene_graph_key\reference_link_symbol.gif <-- lisa /users/wjholcom/WWW/java3d reference_link_symbol.gif
99.06.02 09:18 B V:\will\web\java3d\scene_graph_key\scene_graph_key.gif <-- lisa /users/wjholcom/WWW/java3d scene_graph_key.gif
99.06.02 09:19 B V:\will\web\java3d\scene_graph_key\simple_scene_graph.gif <-- lisa /users/wjholcom/WWW/java3d simple_scene_graph.gif
99.06.02 09:19 B V:\will\web\java3d\scene_graph_key\virtual_universe_symbol.gif <-- lisa /users/wjholcom/WWW/java3d virtual_universe_symbol.gif
99.06.02 09:19 B V:\will\web\java3d\scene_graph_key\group_symbol.gif --> lisa.csc /users/wjholcom/WWW/java3d/images/scene_graph_key group_symbol.gif
99.06.02 09:19 B V:\will\web\java3d\scene_graph_key\leaf_symbol.gif --> lisa.csc /users/wjholcom/WWW/java3d/images/scene_graph_key leaf_symbol.gif
99.06.02 09:19 B V:\will\web\java3d\scene_graph_key\locale_symbol.gif --> lisa.csc /users/wjholcom/WWW/java3d/images/scene_graph_key locale_symbol.gif
99.06.02 09:19 B V:\will\web\java3d\scene_graph_key\node_component_symbol.gif --> lisa.csc /users/wjholcom/WWW/java3d/images/scene_graph_key node_component_symbol.gif
99.06.02 09:19 B V:\will\web\java3d\scene_graph_key\other_objects_symbol.gif --> lisa.csc /users/wjholcom/WWW/java3d/images/scene_graph_key other_objects_symbol.gif
99.06.02 09:19 B V:\will\web\java3d\scene_graph_key\parent_child_link_symbol.gif --> lisa.csc /users/wjholcom/WWW/java3d/images/scene_graph_key parent_child_link_symbol.gif
99.06.02 09:19 B V:\will\web\java3d\scene_graph_key\reference_link_symbol.gif --> lisa.csc /users/wjholcom/WWW/java3d/images/scene_graph_key reference_link_symbol.gif
99.06.02 09:19 B V:\will\web\java3d\scene_graph_key\scene_graph_key.gif --> lisa.csc /users/wjholcom/WWW/java3d/images/scene_graph_key scene_graph_key.gif
99.06.02 09:19 B V:\will\web\java3d\scene_graph_key\simple_scene_graph.gif --> lisa.csc /users/wjholcom/WWW/java3d/images/scene_graph_key simple_scene_graph.gif
99.06.02 09:19 B V:\will\web\java3d\scene_graph_key\virtual_universe_symbol.gif --> lisa.csc /users/wjholcom/WWW/java3d/images/scene_graph_key virtual_universe_symbol.gif
