ChangeRobot newrobot(0) oldrobot(0) 1196691475 913795
StartTrial 1196691475 913795
DirectControl x(0.000000) yaw(0.000000) keyboard(0) mouse(0) joystick(0) robot(0) 1196691477 23178
DirectControl x(0.000000) yaw(0.000000) keyboard(0) mouse(0) joystick(0) robot(0) 1196691477 116928
DirectControl x(0.000000) yaw(0.000000) keyboard(0) mouse(0) joystick(0) robot(0) 1196691477 226304
DirectControl x(0.000000) yaw(0.000000) keyboard(0) mouse(0) joystick(0) robot(0) 1196691477 335680
DirectControl x(0.000000) yaw(0.000000) keyboard(0) mouse(0) joystick(0) robot(0) 1196691477 445055
DirectControl x(0.000000) yaw(0.000000) keyboard(0) mouse(0) joystick(0) robot(0) 1196691477 554431
DirectControl x(0.000000) yaw(0.000000) keyboard(0) mouse(0) joystick(0) robot(0) 1196691477 663807
DirectControl x(0.000000) yaw(0.000000) keyboard(0) mouse(0) joystick(0) robot(0) 1196691477 773182
DirectControl x(0.000000) yaw(0.000000) keyboard(0) mouse(0) joystick(0) robot(0) 1196691477 882558
DirectControl x(0.000000) yaw(0.000000) keyboard(0) mouse(0) joystick(0) robot(0) 1196691477 991934
DirectControl x(0.000000) yaw(0.000000) keyboard(0) mouse(0) joystick(0) robot(0) 1196691478 101309
DirectControl x(0.000000) yaw(0.000000) keyboard(0) mouse(0) joystick(0) robot(0) 1196691478 210685
DirectControl x(0.000000) yaw(0.000000) keyboard(0) mouse(0) joystick(0) robot(0) 1196691478 320061
DirectControl x(0.000000) yaw(0.000000) keyboard(0) mouse(0) joystick(0) robot(0) 1196691478 429437
DirectControl x(0.000000) yaw(0.000000) keyboard(0) mouse(0) joystick(0) robot(0) 1196691478 538812
DirectControl x(0.000000) yaw(0.000000) keyboard(0) mouse(0) joystick(0) robot(0) 1196691478 648188
DirectControl x(0.000000) yaw(0.000000) keyboard(0) mouse(0) joystick(0) robot(0) 1196691478 757564
DirectControl x(0.000000) yaw(0.000000) keyboard(0) mouse(0) joystick(0) robot(0) 1196691478 866939
DirectControl x(0.000000) yaw(0.000000) keyboard(0) mouse(0) joystick(0) robot(0) 1196691478 976315
DirectControl x(0.000000) yaw(0.000000) keyboard(0) mouse(0) joystick(0) robot(0) 1196691479 85691
DirectControl x(0.000000) yaw(0.000000) keyboard(0) mouse(0) joystick(0) robot(0) 1196691479 195066
DirectControl x(0.000000) yaw(0.000000) keyboard(0) mouse(0) joystick(0) robot(0) 1196691479 304442
DirectControl x(0.000000) yaw(0.000000) keyboard(0) mouse(0) joystick(0) robot(0) 1196691479 413818
DirectControl x(0.000000) yaw(0.000000) keyboard(0) mouse(0) joystick(0) robot(0) 1196691479 523194
SwitchMode orchestration 1196691479 601319
ChemicalOverlay on 1196691483 163842
BombOverlay on 1196691483 507594
ChangeRobot newrobot(0) oldrobot(0) 1196691485 148230
AddTask type(1) x(-5.060606) y(-2.588235) robot(0) 1196691491 413895
ChangeRobot newrobot(1) oldrobot(0) 1196691492 867029
AddTask type(0) x(-7.606061) y(-7.970588) robot(1) 1196691501 679585
AddTask type(0) x(-7.272727) y(4.088235) robot(1) 1196691504 835856
AddTask type(0) x(-6.757576) y(10.500000) robot(1) 1196691508 976507
AddTask type(0) x(21.818182) y(10.000000) robot(1) 1196691512 242153
AddTask type(0) x(21.848484) y(-0.588235) robot(1) 1196691516 445305
AddTask type(1) x(15.272727) y(-0.617647) robot(1) 1196691522 585969
TaskArrival type(0) x(-7.606061) y(-7.970588) robot(1) 1196691544 836112
TaskArrival type(0) x(-7.272727) y(4.088235) robot(1) 1196691592 102039
TaskArrival type(0) x(-6.757576) y(10.500000) robot(1) 1196691612 477169
TaskArrival type(1) x(-5.060606) y(-2.588235) robot(0) 1196691656 805578
ChangeRobot newrobot(1) oldrobot(1) 1196691777 587601
ChangeRobot newrobot(1) oldrobot(1) 1196691778 556357
AddTask type(0) x(8.363636) y(10.147058) robot(1) 1196691784 306394
RemoveTask type(0) x(8.363636) y(10.147058) robot(1) 1196691788 478296
AddTask type(0) x(8.303030) y(10.088235) robot(1) 1196691796 447097
TaskDone type(1) x(-5.060606) y(-2.588235) robot(0) 1196691799 540867
ChangeRobot newrobot(0) oldrobot(1) 1196691800 306497
AddTask type(0) x(-6.636364) y(-9.176471) robot(0) 1196691803 619018
AddTask type(0) x(21.545454) y(-9.382353) robot(0) 1196691808 572174
AddTask type(1) x(21.545454) y(-3.264706) robot(0) 1196691814 447212
ChangeRobot newrobot(1) oldrobot(0) 1196691818 572238
SwitchMode manipulation 1196691820 400375
DirectControl x(0.000000) yaw(0.000000) keyboard(0) mouse(0) joystick(0) robot(1) 1196691820 447250
DirectControl x(0.000000) yaw(0.000000) keyboard(0) mouse(0) joystick(0) robot(1) 1196691820 556626
DirectControl x(0.000000) yaw(0.000000) keyboard(0) mouse(0) joystick(0) robot(1) 1196691820 666002
DirectControl x(0.000000) yaw(0.000000) keyboard(0) mouse(0) joystick(0) robot(1) 1196691820 775378
DirectControl x(0.000000) yaw(0.000000) keyboard(0) mouse(0) joystick(0) robot(1) 1196691820 884753
DirectControl x(0.000000) yaw(0.000000) keyboard(0) mouse(0) joystick(0) robot(1) 1196691820 994129
DirectControl x(0.000000) yaw(0.000000) keyboard(0) mouse(0) joystick(0) robot(1) 1196691821 103505
DirectControl x(-0.400000) yaw(0.000000) keyboard(1) mouse(0) joystick(0) robot(1) 1196691821 212880
DirectControl x(-0.400000) yaw(0.000000) keyboard(1) mouse(0) joystick(0) robot(1) 1196691821 322256
DirectControl x(-0.400000) yaw(0.000000) keyboard(1) mouse(0) joystick(0) robot(1) 1196691821 431632
DirectControl x(-0.400000) yaw(0.000000) keyboard(1) mouse(0) joystick(0) robot(1) 1196691821 541007
DirectControl x(-0.400000) yaw(0.000000) keyboard(1) mouse(0) joystick(0) robot(1) 1196691821 650383
DirectControl x(-0.400000) yaw(0.000000) keyboard(1) mouse(0) joystick(0) robot(1) 1196691821 759759
DirectControl x(-0.400000) yaw(0.000000) keyboard(1) mouse(0) joystick(0) robot(1) 1196691821 869135
DirectControl x(-0.400000) yaw(0.000000) keyboard(1) mouse(0) joystick(0) robot(1) 1196691821 978510
DirectControl x(-0.400000) yaw(0.000000) keyboard(1) mouse(0) joystick(0) robot(1) 1196691822 87886
DirectControl x(-0.400000) yaw(0.000000) keyboard(1) mouse(0) joystick(0) robot(1) 1196691822 197262
DirectControl x(-0.400000) yaw(0.000000) keyboard(1) mouse(0) joystick(0) robot(1) 1196691822 306637
DirectControl x(-0.400000) yaw(0.000000) keyboard(1) mouse(0) joystick(0) robot(1) 1196691822 416013
DirectControl x(-0.400000) yaw(0.000000) keyboard(1) mouse(0) joystick(0) robot(1) 1196691822 525389
DirectControl x(-0.400000) yaw(0.000000) keyboard(1) mouse(0) joystick(0) robot(1) 1196691822 634764
DirectControl x(-0.400000) yaw(0.000000) keyboard(1) mouse(0) joystick(0) robot(1) 1196691822 744140
DirectControl x(-0.400000) yaw(0.000000) keyboard(1) mouse(0) joystick(0) robot(1) 1196691822 853516
DirectControl x(-0.400000) yaw(0.000000) keyboard(1) mouse(0) joystick(0) robot(1) 1196691822 962892
DirectControl x(0.000000) yaw(-0.400000) keyboard(1) mouse(0) joystick(0) robot(1) 1196691823 72267
DirectControl x(0.000000) yaw(-0.400000) keyboard(1) mouse(0) joystick(0) robot(1) 1196691823 181643
DirectControl x(0.000000) yaw(-0.400000) keyboard(1) mouse(0) joystick(0) robot(1) 1196691823 291019
DirectControl x(0.000000) yaw(-0.400000) keyboard(1) mouse(0) joystick(0) robot(1) 1196691823 400394
DirectControl x(0.000000) yaw(-0.400000) keyboard(1) mouse(0) joystick(0) robot(1) 1196691823 509770
DirectControl x(0.000000) yaw(-0.400000) keyboard(1) mouse(0) joystick(0) robot(1) 1196691823 619146
DirectControl x(0.000000) yaw(-0.400000) keyboard(1) mouse(0) joystick(0) robot(1) 1196691823 728521
DirectControl x(0.000000) yaw(-0.400000) keyboard(1) mouse(0) joystick(0) robot(1) 1196691823 837897
DirectControl x(0.000000) yaw(-0.400000) keyboard(1) mouse(0) joystick(0) robot(1) 1196691823 947273
DirectControl x(0.000000) yaw(-0.400000) keyboard(1) mouse(0) joystick(0) robot(1) 1196691824 56649
DirectControl x(0.400000) yaw(0.000000) keyboard(1) mouse(0) joystick(0) robot(1) 1196691824 166024
DirectControl x(0.400000) yaw(0.000000) keyboard(1) mouse(0) joystick(0) robot(1) 1196691824 275400
DirectControl x(0.400000) yaw(0.000000) keyboard(1) mouse(0) joystick(0) robot(1) 1196691824 384776
DirectControl x(0.400000) yaw(0.000000) keyboard(1) mouse(0) joystick(0) robot(1) 1196691824 494151
DirectControl x(0.400000) yaw(0.000000) keyboard(1) mouse(0) joystick(0) robot(1) 1196691824 603527
DirectControl x(0.400000) yaw(0.000000) keyboard(1) mouse(0) joystick(0) robot(1) 1196691824 712903
DirectControl x(0.400000) yaw(0.000000) keyboard(1) mouse(0) joystick(0) robot(1) 1196691824 822278
DirectControl x(0.400000) yaw(0.000000) keyboard(1) mouse(0) joystick(0) robot(1) 1196691824 931654
DirectControl x(0.400000) yaw(0.000000) keyboard(1) mouse(0) joystick(0) robot(1) 1196691825 41030
DirectControl x(0.400000) yaw(0.000000) keyboard(1) mouse(0) joystick(0) robot(1) 1196691825 150406
DirectControl x(0.400000) yaw(0.000000) keyboard(1) mouse(0) joystick(0) robot(1) 1196691825 259781
DirectControl x(0.000000) yaw(0.000000) keyboard(0) mouse(0) joystick(0) robot(1) 1196691825 369157
DirectControl x(0.000000) yaw(0.000000) keyboard(0) mouse(0) joystick(0) robot(1) 1196691825 478533
DirectControl x(0.000000) yaw(0.000000) keyboard(0) mouse(0) joystick(0) robot(1) 1196691825 587908
DirectControl x(0.000000) yaw(0.000000) keyboard(0) mouse(0) joystick(0) robot(1) 1196691825 697284
DirectControl x(0.400000) yaw(0.000000) keyboard(1) mouse(0) joystick(0) robot(1) 1196691825 806660
DirectControl x(0.000000) yaw(-0.400000) keyboard(1) mouse(0) joystick(0) robot(1) 1196691825 916035
DirectControl x(0.000000) yaw(-0.400000) keyboard(1) mouse(0) joystick(0) robot(1) 1196691826 25411
DirectControl x(0.000000) yaw(-0.400000) keyboard(1) mouse(0) joystick(0) robot(1) 1196691826 134787
DirectControl x(0.400000) yaw(-0.400000) keyboard(1) mouse(0) joystick(0) robot(1) 1196691826 244163
DirectControl x(0.400000) yaw(-0.400000) keyboard(1) mouse(0) joystick(0) robot(1) 1196691826 353538
DirectControl x(0.400000) yaw(-0.400000) keyboard(1) mouse(0) joystick(0) robot(1) 1196691826 462914
DirectControl x(0.400000) yaw(-0.400000) keyboard(1) mouse(0) joystick(0) robot(1) 1196691826 572290
DirectControl x(0.400000) yaw(-0.400000) keyboard(1) mouse(0) joystick(0) robot(1) 1196691826 681665
DirectControl x(0.400000) yaw(-0.400000) keyboard(1) mouse(0) joystick(0) robot(1) 1196691826 791041
DirectControl x(0.400000) yaw(-0.400000) keyboard(1) mouse(0) joystick(0) robot(1) 1196691826 900417
DirectControl x(0.400000) yaw(-0.400000) keyboard(1) mouse(0) joystick(0) robot(1) 1196691827 9792
DirectControl x(0.400000) yaw(-0.400000) keyboard(1) mouse(0) joystick(0) robot(1) 1196691827 119168
DirectControl x(0.400000) yaw(-0.400000) keyboard(1) mouse(0) joystick(0) robot(1) 1196691827 228544
DirectControl x(0.400000) yaw(-0.400000) keyboard(1) mouse(0) joystick(0) robot(1) 1196691827 337920
DirectControl x(0.400000) yaw(-0.400000) keyboard(1) mouse(0) joystick(0) robot(1) 1196691827 447295
DirectControl x(0.400000) yaw(-0.400000) keyboard(1) mouse(0) joystick(0) robot(1) 1196691827 556671
DirectControl x(0.400000) yaw(-0.400000) keyboard(1) mouse(0) joystick(0) robot(1) 1196691827 666047
DirectControl x(0.400000) yaw(-0.400000) keyboard(1) mouse(0) joystick(0) robot(1) 1196691827 775422
DirectControl x(0.400000) yaw(-0.400000) keyboard(1) mouse(0) joystick(0) robot(1) 1196691827 884798
DirectControl x(0.400000) yaw(-0.400000) keyboard(1) mouse(0) joystick(0) robot(1) 1196691827 994174
DirectControl x(0.400000) yaw(-0.400000) keyboard(1) mouse(0) joystick(0) robot(1) 1196691828 103549
DirectControl x(0.400000) yaw(-0.400000) keyboard(1) mouse(0) joystick(0) robot(1) 1196691828 212925
DirectControl x(0.400000) yaw(-0.400000) keyboard(1) mouse(0) joystick(0) robot(1) 1196691828 322301
DirectControl x(0.400000) yaw(-0.400000) keyboard(1) mouse(0) joystick(0) robot(1) 1196691828 431677
DirectControl x(0.400000) yaw(-0.400000) keyboard(1) mouse(0) joystick(0) robot(1) 1196691828 541052
DirectControl x(0.400000) yaw(-0.400000) keyboard(1) mouse(0) joystick(0) robot(1) 1196691828 650428
DirectControl x(0.400000) yaw(-0.400000) keyboard(1) mouse(0) joystick(0) robot(1) 1196691828 759804
DirectControl x(0.400000) yaw(-0.400000) keyboard(1) mouse(0) joystick(0) robot(1) 1196691828 869179
DirectControl x(0.400000) yaw(-0.400000) keyboard(1) mouse(0) joystick(0) robot(1) 1196691828 978555
DirectControl x(0.400000) yaw(-0.400000) keyboard(1) mouse(0) joystick(0) robot(1) 1196691829 87931
DirectControl x(0.400000) yaw(-0.400000) keyboard(1) mouse(0) joystick(0) robot(1) 1196691829 197306
DirectControl x(0.400000) yaw(-0.400000) keyboard(1) mouse(0) joystick(0) robot(1) 1196691829 306682
DirectControl x(0.400000) yaw(-0.400000) keyboard(1) mouse(0) joystick(0) robot(1) 1196691829 416058
DirectControl x(0.400000) yaw(0.400000) keyboard(1) mouse(0) joystick(0) robot(1) 1196691829 525434
DirectControl x(0.400000) yaw(0.400000) keyboard(1) mouse(0) joystick(0) robot(1) 1196691829 634809
DirectControl x(0.400000) yaw(0.400000) keyboard(1) mouse(0) joystick(0) robot(1) 1196691829 744185
DirectControl x(0.400000) yaw(0.400000) keyboard(1) mouse(0) joystick(0) robot(1) 1196691829 853561
DirectControl x(0.400000) yaw(0.400000) keyboard(1) mouse(0) joystick(0) robot(1) 1196691829 962936
DirectControl x(0.400000) yaw(0.400000) keyboard(1) mouse(0) joystick(0) robot(1) 1196691830 72312
DirectControl x(0.400000) yaw(0.400000) keyboard(1) mouse(0) joystick(0) robot(1) 1196691830 181688
DirectControl x(0.400000) yaw(0.400000) keyboard(1) mouse(0) joystick(0) robot(1) 1196691830 291063
DirectControl x(0.400000) yaw(0.400000) keyboard(1) mouse(0) joystick(0) robot(1) 1196691830 400439
DirectControl x(0.400000) yaw(0.400000) keyboard(1) mouse(0) joystick(0) robot(1) 1196691830 509815
DirectControl x(0.400000) yaw(0.400000) keyboard(1) mouse(0) joystick(0) robot(1) 1196691830 619191
DirectControl x(0.400000) yaw(0.400000) keyboard(1) mouse(0) joystick(0) robot(1) 1196691830 728566
DirectControl x(0.400000) yaw(0.400000) keyboard(1) mouse(0) joystick(0) robot(1) 1196691830 837942
DirectControl x(0.400000) yaw(0.400000) keyboard(1) mouse(0) joystick(0) robot(1) 1196691830 947318
DirectControl x(0.400000) yaw(0.400000) keyboard(1) mouse(0) joystick(0) robot(1) 1196691831 56693
DirectControl x(0.400000) yaw(0.400000) keyboard(1) mouse(0) joystick(0) robot(1) 1196691831 166069
DirectControl x(0.400000) yaw(0.400000) keyboard(1) mouse(0) joystick(0) robot(1) 1196691831 275445
DirectControl x(0.400000) yaw(0.400000) keyboard(1) mouse(0) joystick(0) robot(1) 1196691831 384820
DirectControl x(0.400000) yaw(0.400000) keyboard(1) mouse(0) joystick(0) robot(1) 1196691831 494196
DirectControl x(0.400000) yaw(0.400000) keyboard(1) mouse(0) joystick(0) robot(1) 1196691831 603572
DirectControl x(0.400000) yaw(0.400000) keyboard(1) mouse(0) joystick(0) robot(1) 1196691831 712948
Bomb(1) x(8.300000) y(8.870000) robot(1) 1196691831 822323
DirectControl x(0.400000) yaw(0.400000) keyboard(1) mouse(0) joystick(0) robot(1) 1196691831 822323
DirectControl x(0.400000) yaw(0.400000) keyboard(1) mouse(0) joystick(0) robot(1) 1196691832 25450
DirectControl x(0.400000) yaw(0.400000) keyboard(1) mouse(0) joystick(0) robot(1) 1196691832 150450
DirectControl x(0.400000) yaw(0.400000) keyboard(1) mouse(0) joystick(0) robot(1) 1196691832 259826
DirectControl x(0.000000) yaw(0.000000) keyboard(0) mouse(0) joystick(0) robot(1) 1196691832 369202
DirectControl x(0.000000) yaw(0.000000) keyboard(0) mouse(0) joystick(0) robot(1) 1196691832 478577
DirectControl x(0.000000) yaw(0.000000) keyboard(0) mouse(0) joystick(0) robot(1) 1196691832 587953
DirectControl x(0.000000) yaw(0.000000) keyboard(0) mouse(0) joystick(0) robot(1) 1196691832 697329
DirectControl x(0.000000) yaw(0.000000) keyboard(0) mouse(0) joystick(0) robot(1) 1196691832 806705
DirectControl x(0.000000) yaw(0.000000) keyboard(0) mouse(0) joystick(0) robot(1) 1196691832 916080
DirectControl x(0.000000) yaw(0.000000) keyboard(0) mouse(0) joystick(0) robot(1) 1196691833 25456
DirectControl x(0.000000) yaw(0.000000) keyboard(0) mouse(0) joystick(0) robot(1) 1196691833 134832
DirectControl x(0.000000) yaw(0.000000) keyboard(0) mouse(0) joystick(0) robot(1) 1196691833 244207
DirectControl x(0.000000) yaw(0.000000) keyboard(0) mouse(0) joystick(0) robot(1) 1196691833 353583
DirectControl x(0.000000) yaw(0.000000) keyboard(0) mouse(0) joystick(0) robot(1) 1196691833 462959
DirectControl x(0.000000) yaw(0.000000) keyboard(0) mouse(0) joystick(0) robot(1) 1196691833 572334
DirectControl x(0.000000) yaw(0.000000) keyboard(0) mouse(0) joystick(0) robot(1) 1196691833 681710
DirectControl x(0.000000) yaw(0.000000) keyboard(0) mouse(0) joystick(0) robot(1) 1196691833 791086
DirectControl x(0.000000) yaw(0.000000) keyboard(0) mouse(0) joystick(0) robot(1) 1196691833 900462
DirectControl x(0.000000) yaw(0.000000) keyboard(0) mouse(0) joystick(0) robot(1) 1196691834 9837
DirectControl x(0.000000) yaw(0.000000) keyboard(0) mouse(0) joystick(0) robot(1) 1196691834 119213
DirectControl x(0.000000) yaw(0.000000) keyboard(0) mouse(0) joystick(0) robot(1) 1196691834 228589
DirectControl x(0.000000) yaw(0.000000) keyboard(0) mouse(0) joystick(0) robot(1) 1196691834 337964
DirectControl x(0.000000) yaw(0.000000) keyboard(0) mouse(0) joystick(0) robot(1) 1196691834 447340
DirectControl x(0.000000) yaw(0.000000) keyboard(0) mouse(0) joystick(0) robot(1) 1196691834 556716
DirectControl x(0.000000) yaw(0.000000) keyboard(0) mouse(0) joystick(0) robot(1) 1196691834 666091
DirectControl x(0.000000) yaw(0.000000) keyboard(0) mouse(0) joystick(0) robot(1) 1196691834 775467
DirectControl x(0.000000) yaw(0.000000) keyboard(0) mouse(0) joystick(0) robot(1) 1196691834 884843
DirectControl x(0.000000) yaw(0.000000) keyboard(0) mouse(0) joystick(0) robot(1) 1196691834 994219
DirectControl x(0.000000) yaw(0.000000) keyboard(0) mouse(0) joystick(0) robot(1) 1196691835 103594
DirectControl x(0.000000) yaw(0.000000) keyboard(0) mouse(0) joystick(0) robot(1) 1196691835 212970
DirectControl x(0.000000) yaw(0.000000) keyboard(0) mouse(0) joystick(0) robot(1) 1196691835 322346
DirectControl x(0.000000) yaw(0.000000) keyboard(0) mouse(0) joystick(0) robot(1) 1196691835 431721
DirectControl x(0.000000) yaw(0.000000) keyboard(0) mouse(0) joystick(0) robot(1) 1196691835 541097
DirectControl x(0.000000) yaw(0.000000) keyboard(0) mouse(0) joystick(0) robot(1) 1196691835 650473
DirectControl x(0.000000) yaw(0.000000) keyboard(0) mouse(0) joystick(0) robot(1) 1196691835 759848
DirectControl x(0.000000) yaw(0.000000) keyboard(0) mouse(0) joystick(0) robot(1) 1196691835 869224
DirectControl x(0.000000) yaw(0.000000) keyboard(0) mouse(0) joystick(0) robot(1) 1196691835 978600
DirectControl x(0.000000) yaw(0.000000) keyboard(0) mouse(0) joystick(0) robot(1) 1196691836 87976
DirectControl x(0.000000) yaw(0.000000) keyboard(0) mouse(0) joystick(0) robot(1) 1196691836 197351
DirectControl x(0.000000) yaw(0.000000) keyboard(0) mouse(0) joystick(0) robot(1) 1196691836 306727
DirectControl x(0.000000) yaw(0.000000) keyboard(0) mouse(0) joystick(0) robot(1) 1196691836 416103
DirectControl x(0.000000) yaw(0.000000) keyboard(0) mouse(0) joystick(0) robot(1) 1196691836 525478
DirectControl x(0.000000) yaw(0.000000) keyboard(0) mouse(0) joystick(0) robot(1) 1196691836 634854
DirectControl x(0.000000) yaw(0.000000) keyboard(0) mouse(0) joystick(0) robot(1) 1196691836 744230
SwitchMode orchestration 1196691836 806730
SwitchMode manipulation 1196691840 150502
DirectControl x(0.000000) yaw(0.000000) keyboard(0) mouse(0) joystick(0) robot(1) 1196691840 244252
DirectControl x(0.000000) yaw(0.000000) keyboard(0) mouse(0) joystick(0) robot(1) 1196691840 353628
DirectControl x(0.000000) yaw(0.000000) keyboard(0) mouse(0) joystick(0) robot(1) 1196691840 463004
DirectControl x(0.000000) yaw(0.000000) keyboard(0) mouse(0) joystick(0) robot(1) 1196691840 572379
DirectControl x(0.000000) yaw(0.000000) keyboard(0) mouse(0) joystick(0) robot(1) 1196691840 681755
DirectControl x(0.000000) yaw(0.000000) keyboard(0) mouse(0) joystick(0) robot(1) 1196691840 791131
DirectControl x(0.000000) yaw(0.000000) keyboard(0) mouse(0) joystick(0) robot(1) 1196691840 900506
Resume robot(1) 1196691840 978632
DirectControl x(0.000000) yaw(0.000000) keyboard(0) mouse(0) joystick(0) robot(1) 1196691841 9882
DirectControl x(0.000000) yaw(0.000000) keyboard(0) mouse(0) joystick(0) robot(1) 1196691841 119258
DirectControl x(0.000000) yaw(0.000000) keyboard(0) mouse(0) joystick(0) robot(1) 1196691841 228633
DirectControl x(0.000000) yaw(0.000000) keyboard(0) mouse(0) joystick(0) robot(1) 1196691841 338009
DirectControl x(0.000000) yaw(0.000000) keyboard(0) mouse(0) joystick(0) robot(1) 1196691841 447385
DirectControl x(0.000000) yaw(0.000000) keyboard(0) mouse(0) joystick(0) robot(1) 1196691841 556761
DirectControl x(0.000000) yaw(0.000000) keyboard(0) mouse(0) joystick(0) robot(1) 1196691841 666136
SwitchMode orchestration 1196691841 697386
TaskArrival type(0) x(-6.636364) y(-9.176471) robot(0) 1196691850 713069
TaskArrival type(0) x(8.303030) y(10.088235) robot(1) 1196691884 166408
TaskArrival type(0) x(21.818182) y(10.000000) robot(1) 1196691934 557356
TaskArrival type(0) x(21.848484) y(-0.588235) robot(1) 1196691972 885726
TaskArrival type(1) x(15.272727) y(-0.617647) robot(1) 1196692004 167176
ChangeRobot newrobot(0) oldrobot(1) 1196692047 261202
SwitchMode manipulation 1196692048 526835
DirectControl x(0.000000) yaw(0.000000) keyboard(0) mouse(0) joystick(0) robot(0) 1196692048 604961
DirectControl x(0.000000) yaw(0.000000) keyboard(0) mouse(0) joystick(0) robot(0) 1196692048 714336
DirectControl x(0.000000) yaw(0.000000) keyboard(0) mouse(0) joystick(0) robot(0) 1196692048 823712
DirectControl x(0.000000) yaw(0.000000) keyboard(0) mouse(0) joystick(0) robot(0) 1196692048 933088
DirectControl x(0.000000) yaw(0.000000) keyboard(0) mouse(0) joystick(0) robot(0) 1196692049 42463
DirectControl x(0.000000) yaw(0.000000) keyboard(0) mouse(0) joystick(0) robot(0) 1196692049 151839
DirectControl x(0.000000) yaw(0.000000) keyboard(0) mouse(0) joystick(0) robot(0) 1196692049 261215
DirectControl x(0.000000) yaw(0.000000) keyboard(0) mouse(0) joystick(0) robot(0) 1196692049 370591
DirectControl x(-0.400000) yaw(0.000000) keyboard(1) mouse(0) joystick(0) robot(0) 1196692049 479966
DirectControl x(-0.400000) yaw(0.000000) keyboard(1) mouse(0) joystick(0) robot(0) 1196692049 589342
DirectControl x(-0.400000) yaw(0.000000) keyboard(1) mouse(0) joystick(0) robot(0) 1196692049 698718
DirectControl x(-0.400000) yaw(0.000000) keyboard(1) mouse(0) joystick(0) robot(0) 1196692049 808093
DirectControl x(-0.400000) yaw(0.000000) keyboard(1) mouse(0) joystick(0) robot(0) 1196692049 917469
DirectControl x(-0.400000) yaw(0.000000) keyboard(1) mouse(0) joystick(0) robot(0) 1196692050 26845
DirectControl x(-0.400000) yaw(0.000000) keyboard(1) mouse(0) joystick(0) robot(0) 1196692050 136220
DirectControl x(-0.400000) yaw(0.000000) keyboard(1) mouse(0) joystick(0) robot(0) 1196692050 245596
DirectControl x(-0.400000) yaw(0.000000) keyboard(1) mouse(0) joystick(0) robot(0) 1196692050 354972
DirectControl x(-0.400000) yaw(0.000000) keyboard(1) mouse(0) joystick(0) robot(0) 1196692050 464348
DirectControl x(-0.400000) yaw(0.000000) keyboard(1) mouse(0) joystick(0) robot(0) 1196692050 573723
DirectControl x(-0.400000) yaw(0.000000) keyboard(1) mouse(0) joystick(0) robot(0) 1196692050 683099
DirectControl x(-0.400000) yaw(0.000000) keyboard(1) mouse(0) joystick(0) robot(0) 1196692050 792475
DirectControl x(-0.400000) yaw(0.000000) keyboard(1) mouse(0) joystick(0) robot(0) 1196692050 901850
DirectControl x(-0.400000) yaw(0.000000) keyboard(1) mouse(0) joystick(0) robot(0) 1196692051 11226
DirectControl x(-0.400000) yaw(0.000000) keyboard(1) mouse(0) joystick(0) robot(0) 1196692051 120602
DirectControl x(-0.400000) yaw(0.000000) keyboard(1) mouse(0) joystick(0) robot(0) 1196692051 229977
DirectControl x(-0.400000) yaw(0.000000) keyboard(1) mouse(0) joystick(0) robot(0) 1196692051 339353
DirectControl x(-0.400000) yaw(0.000000) keyboard(1) mouse(0) joystick(0) robot(0) 1196692051 448729
DirectControl x(-0.400000) yaw(0.000000) keyboard(1) mouse(0) joystick(0) robot(0) 1196692051 558105
DirectControl x(-0.400000) yaw(0.000000) keyboard(1) mouse(0) joystick(0) robot(0) 1196692051 667480
DirectControl x(-0.400000) yaw(0.000000) keyboard(1) mouse(0) joystick(0) robot(0) 1196692051 776856
DirectControl x(-0.400000) yaw(0.000000) keyboard(1) mouse(0) joystick(0) robot(0) 1196692051 886232
DirectControl x(-0.400000) yaw(0.000000) keyboard(1) mouse(0) joystick(0) robot(0) 1196692051 995607
DirectControl x(-0.400000) yaw(0.000000) keyboard(1) mouse(0) joystick(0) robot(0) 1196692052 104983
DirectControl x(-0.400000) yaw(0.000000) keyboard(1) mouse(0) joystick(0) robot(0) 1196692052 214359
DirectControl x(-0.400000) yaw(0.000000) keyboard(1) mouse(0) joystick(0) robot(0) 1196692052 323734
DirectControl x(-0.400000) yaw(0.000000) keyboard(1) mouse(0) joystick(0) robot(0) 1196692052 433110
DirectControl x(-0.400000) yaw(0.000000) keyboard(1) mouse(0) joystick(0) robot(0) 1196692052 542486
DirectControl x(-0.400000) yaw(0.000000) keyboard(1) mouse(0) joystick(0) robot(0) 1196692052 651862
DirectControl x(-0.400000) yaw(0.000000) keyboard(1) mouse(0) joystick(0) robot(0) 1196692052 761237
DirectControl x(0.400000) yaw(0.000000) keyboard(1) mouse(0) joystick(0) robot(0) 1196692052 870613
DirectControl x(0.400000) yaw(0.000000) keyboard(1) mouse(0) joystick(0) robot(0) 1196692052 979989
DirectControl x(0.400000) yaw(0.000000) keyboard(1) mouse(0) joystick(0) robot(0) 1196692053 89364
DirectControl x(0.400000) yaw(0.000000) keyboard(1) mouse(0) joystick(0) robot(0) 1196692053 198740
DirectControl x(0.400000) yaw(0.000000) keyboard(1) mouse(0) joystick(0) robot(0) 1196692053 308116
DirectControl x(0.400000) yaw(0.000000) keyboard(1) mouse(0) joystick(0) robot(0) 1196692053 417491
DirectControl x(0.400000) yaw(0.000000) keyboard(1) mouse(0) joystick(0) robot(0) 1196692053 526867
DirectControl x(0.400000) yaw(0.000000) keyboard(1) mouse(0) joystick(0) robot(0) 1196692053 636243
DirectControl x(0.400000) yaw(0.000000) keyboard(1) mouse(0) joystick(0) robot(0) 1196692053 745619
DirectControl x(0.400000) yaw(0.000000) keyboard(1) mouse(0) joystick(0) robot(0) 1196692053 854994
DirectControl x(0.400000) yaw(0.000000) keyboard(1) mouse(0) joystick(0) robot(0) 1196692053 964370
DirectControl x(0.400000) yaw(0.000000) keyboard(1) mouse(0) joystick(0) robot(0) 1196692054 73746
DirectControl x(0.400000) yaw(0.000000) keyboard(1) mouse(0) joystick(0) robot(0) 1196692054 183121
DirectControl x(0.400000) yaw(0.000000) keyboard(1) mouse(0) joystick(0) robot(0) 1196692054 292497
DirectControl x(0.400000) yaw(0.000000) keyboard(1) mouse(0) joystick(0) robot(0) 1196692054 401873
DirectControl x(0.400000) yaw(0.000000) keyboard(1) mouse(0) joystick(0) robot(0) 1196692054 511248
DirectControl x(0.400000) yaw(0.000000) keyboard(1) mouse(0) joystick(0) robot(0) 1196692054 620624
DirectControl x(0.000000) yaw(-0.400000) keyboard(1) mouse(0) joystick(0) robot(0) 1196692054 730000
DirectControl x(0.000000) yaw(-0.400000) keyboard(1) mouse(0) joystick(0) robot(0) 1196692054 839376
DirectControl x(0.000000) yaw(-0.400000) keyboard(1) mouse(0) joystick(0) robot(0) 1196692054 948751
DirectControl x(0.000000) yaw(0.000000) keyboard(0) mouse(0) joystick(0) robot(0) 1196692055 58127
DirectControl x(0.000000) yaw(0.000000) keyboard(0) mouse(0) joystick(0) robot(0) 1196692055 167503
DirectControl x(0.000000) yaw(0.000000) keyboard(0) mouse(0) joystick(0) robot(0) 1196692055 276878
DirectControl x(0.000000) yaw(0.000000) keyboard(0) mouse(0) joystick(0) robot(0) 1196692055 386254
DirectControl x(0.000000) yaw(0.000000) keyboard(0) mouse(0) joystick(0) robot(0) 1196692055 495630
DirectControl x(0.000000) yaw(0.000000) keyboard(0) mouse(0) joystick(0) robot(0) 1196692055 605005
DirectControl x(0.000000) yaw(0.000000) keyboard(0) mouse(0) joystick(0) robot(0) 1196692055 714381
DirectControl x(0.000000) yaw(0.000000) keyboard(0) mouse(0) joystick(0) robot(0) 1196692055 823757
DirectControl x(0.000000) yaw(0.000000) keyboard(0) mouse(0) joystick(0) robot(0) 1196692055 933133
DirectControl x(0.000000) yaw(0.000000) keyboard(0) mouse(0) joystick(0) robot(0) 1196692056 42508
DirectControl x(0.000000) yaw(0.000000) keyboard(0) mouse(0) joystick(0) robot(0) 1196692056 151884
DirectControl x(0.000000) yaw(0.000000) keyboard(0) mouse(0) joystick(0) robot(0) 1196692056 261260
DirectControl x(0.000000) yaw(0.000000) keyboard(0) mouse(0) joystick(0) robot(0) 1196692056 370635
DirectControl x(0.000000) yaw(0.000000) keyboard(0) mouse(0) joystick(0) robot(0) 1196692056 480011
DirectControl x(0.000000) yaw(0.000000) keyboard(0) mouse(0) joystick(0) robot(0) 1196692056 589387
DirectControl x(0.000000) yaw(0.000000) keyboard(0) mouse(0) joystick(0) robot(0) 1196692056 698762
DirectControl x(0.000000) yaw(0.000000) keyboard(0) mouse(0) joystick(0) robot(0) 1196692056 808138
DirectControl x(0.000000) yaw(0.000000) keyboard(0) mouse(0) joystick(0) robot(0) 1196692056 917514
DirectControl x(0.000000) yaw(0.000000) keyboard(0) mouse(0) joystick(0) robot(0) 1196692057 26890
DirectControl x(0.000000) yaw(0.000000) keyboard(0) mouse(0) joystick(0) robot(0) 1196692057 136265
DirectControl x(0.000000) yaw(0.000000) keyboard(0) mouse(0) joystick(0) robot(0) 1196692057 245641
DirectControl x(0.000000) yaw(0.000000) keyboard(0) mouse(0) joystick(0) robot(0) 1196692057 355017
DirectControl x(0.000000) yaw(0.000000) keyboard(0) mouse(0) joystick(0) robot(0) 1196692057 464392
DirectControl x(0.000000) yaw(0.000000) keyboard(0) mouse(0) joystick(0) robot(0) 1196692057 573768
DirectControl x(0.000000) yaw(0.000000) keyboard(0) mouse(0) joystick(0) robot(0) 1196692057 683144
DirectControl x(0.000000) yaw(0.000000) keyboard(0) mouse(0) joystick(0) robot(0) 1196692057 792519
SwitchMode orchestration 1196692057 870645
TaskArrival type(0) x(21.545454) y(-9.382353) robot(0) 1196692109 730352
TaskDone type(1) x(15.272727) y(-0.617647) robot(1) 1196692131 449241
TaskArrival type(1) x(21.545454) y(-3.264706) robot(0) 1196692144 621200
TaskDone type(1) x(21.545454) y(-3.264706) robot(0) 1196692292 387771
StopTrial 1196692313 12903
