Examining n:3m3c:0m0c
  n:3m3c:0m0c + 0m1c -> f:3m2c:0m1c (0)
  n:3m3c:0m0c + 0m2c -> f:3m1c:0m2c (1)
  n:3m3c:0m0c + 1m1c -> f:2m2c:1m1c (2)
Examining f:3m2c:0m1c
Examining f:3m1c:0m2c
  f:3m1c:0m2c + 0m1c -> n:3m2c:0m1c (1)
Examining f:2m2c:1m1c
  f:2m2c:1m1c + 1m0c -> n:3m2c:0m1c (1)
Examining n:3m2c:0m1c
  n:3m2c:0m1c + 0m2c -> f:3m0c:0m3c (1)
Examining n:3m2c:0m1c
  n:3m2c:0m1c + 0m2c -> f:3m0c:0m3c (1)
Examining f:3m0c:0m3c
  f:3m0c:0m3c + 0m1c -> n:3m1c:0m2c (1)
Examining f:3m0c:0m3c
  f:3m0c:0m3c + 0m1c -> n:3m1c:0m2c (1)
Examining n:3m1c:0m2c
  n:3m1c:0m2c + 2m0c -> f:1m1c:2m2c (1)
Examining n:3m1c:0m2c
  n:3m1c:0m2c + 2m0c -> f:1m1c:2m2c (1)
Examining f:1m1c:2m2c
  f:1m1c:2m2c + 1m1c -> n:2m2c:1m1c (1)
Examining f:1m1c:2m2c
  f:1m1c:2m2c + 1m1c -> n:2m2c:1m1c (1)
Examining n:2m2c:1m1c
  n:2m2c:1m1c + 2m0c -> f:0m2c:3m1c (1)
Examining n:2m2c:1m1c
  n:2m2c:1m1c + 2m0c -> f:0m2c:3m1c (1)
Examining f:0m2c:3m1c
  f:0m2c:3m1c + 0m1c -> n:0m3c:3m0c (1)
Examining f:0m2c:3m1c
  f:0m2c:3m1c + 0m1c -> n:0m3c:3m0c (1)
Examining n:0m3c:3m0c
  n:0m3c:3m0c + 0m2c -> f:0m1c:3m2c (1)
Examining n:0m3c:3m0c
  n:0m3c:3m0c + 0m2c -> f:0m1c:3m2c (1)
Examining f:0m1c:3m2c
  f:0m1c:3m2c + 0m1c -> n:0m2c:3m1c (1)
  f:0m1c:3m2c + 1m0c -> n:1m1c:2m2c (2)
Examining f:0m1c:3m2c
  f:0m1c:3m2c + 0m1c -> n:0m2c:3m1c (2)
  f:0m1c:3m2c + 1m0c -> n:1m1c:2m2c (3)
Examining n:0m2c:3m1c
  n:0m2c:3m1c + 0m2c -> f:0m0c:3m3c (3)
Examining n:1m1c:2m2c
  n:1m1c:2m2c + 1m1c -> f:0m0c:3m3c (3)
Examining n:0m2c:3m1c
  n:0m2c:3m1c + 0m2c -> f:0m0c:3m3c (3)
Examining n:1m1c:2m2c
  n:1m1c:2m2c + 1m1c -> f:0m0c:3m3c (3)
Breadth-First Solution:
   n:3m3c:0m0c + 0m2c
   f:3m1c:0m2c + 0m1c
   n:3m2c:0m1c + 0m2c
   f:3m0c:0m3c + 0m1c
   n:3m1c:0m2c + 2m0c
   f:1m1c:2m2c + 1m1c
   n:2m2c:1m1c + 2m0c
   f:0m2c:3m1c + 0m1c
   n:0m3c:3m0c + 0m2c
   f:0m1c:3m2c + 0m1c
   n:0m2c:3m1c + 0m2c
   f:0m0c:3m3c



Searching for n:3m3c:0m0c with limit 2
  Examining n:3m3c:0m0c
    n:3m3c:0m0c + 0m1c -> f:3m2c:0m1c (2)
  Examining f:3m2c:0m1c
    n:3m3c:0m0c + 0m2c -> f:3m1c:0m2c (2)
  Examining f:3m1c:0m2c
    f:3m1c:0m2c + 0m1c -> n:3m2c:0m1c (1)
    n:3m3c:0m0c + 1m1c -> f:2m2c:1m1c (2)
  Examining f:2m2c:1m1c
    f:2m2c:1m1c + 1m0c -> n:3m2c:0m1c (1)
Searching for n:3m3c:0m0c with limit 3
  Examining n:3m3c:0m0c
    n:3m3c:0m0c + 0m1c -> f:3m2c:0m1c (3)
  Examining f:3m2c:0m1c
    n:3m3c:0m0c + 0m2c -> f:3m1c:0m2c (3)
  Examining f:3m1c:0m2c
    f:3m1c:0m2c + 0m1c -> n:3m2c:0m1c (2)
  Examining n:3m2c:0m1c
    n:3m2c:0m1c + 0m2c -> f:3m0c:0m3c (1)
    n:3m2c:0m1c + 1m0c -> f:2m2c:1m1c (1)
    n:3m3c:0m0c + 1m1c -> f:2m2c:1m1c (3)
  Examining f:2m2c:1m1c
Searching for n:3m3c:0m0c with limit 4
  Examining n:3m3c:0m0c
    n:3m3c:0m0c + 0m1c -> f:3m2c:0m1c (4)
  Examining f:3m2c:0m1c
    n:3m3c:0m0c + 0m2c -> f:3m1c:0m2c (4)
  Examining f:3m1c:0m2c
    f:3m1c:0m2c + 0m1c -> n:3m2c:0m1c (3)
  Examining n:3m2c:0m1c
    n:3m2c:0m1c + 0m2c -> f:3m0c:0m3c (2)
  Examining f:3m0c:0m3c
    f:3m0c:0m3c + 0m1c -> n:3m1c:0m2c (1)
    n:3m2c:0m1c + 1m0c -> f:2m2c:1m1c (2)
  Examining f:2m2c:1m1c
Searching for n:3m3c:0m0c with limit 5
  Examining n:3m3c:0m0c
    n:3m3c:0m0c + 0m1c -> f:3m2c:0m1c (5)
  Examining f:3m2c:0m1c
    n:3m3c:0m0c + 0m2c -> f:3m1c:0m2c (5)
  Examining f:3m1c:0m2c
    f:3m1c:0m2c + 0m1c -> n:3m2c:0m1c (4)
  Examining n:3m2c:0m1c
    n:3m2c:0m1c + 0m2c -> f:3m0c:0m3c (3)
  Examining f:3m0c:0m3c
    f:3m0c:0m3c + 0m1c -> n:3m1c:0m2c (2)
  Examining n:3m1c:0m2c
    n:3m1c:0m2c + 2m0c -> f:1m1c:2m2c (1)
    n:3m2c:0m1c + 1m0c -> f:2m2c:1m1c (3)
  Examining f:2m2c:1m1c
Searching for n:3m3c:0m0c with limit 6
  Examining n:3m3c:0m0c
    n:3m3c:0m0c + 0m1c -> f:3m2c:0m1c (6)
  Examining f:3m2c:0m1c
    n:3m3c:0m0c + 0m2c -> f:3m1c:0m2c (6)
  Examining f:3m1c:0m2c
    f:3m1c:0m2c + 0m1c -> n:3m2c:0m1c (5)
  Examining n:3m2c:0m1c
    n:3m2c:0m1c + 0m2c -> f:3m0c:0m3c (4)
  Examining f:3m0c:0m3c
    f:3m0c:0m3c + 0m1c -> n:3m1c:0m2c (3)
  Examining n:3m1c:0m2c
    n:3m1c:0m2c + 2m0c -> f:1m1c:2m2c (2)
  Examining f:1m1c:2m2c
    f:1m1c:2m2c + 1m1c -> n:2m2c:1m1c (1)
    n:3m2c:0m1c + 1m0c -> f:2m2c:1m1c (4)
  Examining f:2m2c:1m1c
Searching for n:3m3c:0m0c with limit 7
  Examining n:3m3c:0m0c
    n:3m3c:0m0c + 0m1c -> f:3m2c:0m1c (7)
  Examining f:3m2c:0m1c
    n:3m3c:0m0c + 0m2c -> f:3m1c:0m2c (7)
  Examining f:3m1c:0m2c
    f:3m1c:0m2c + 0m1c -> n:3m2c:0m1c (6)
  Examining n:3m2c:0m1c
    n:3m2c:0m1c + 0m2c -> f:3m0c:0m3c (5)
  Examining f:3m0c:0m3c
    f:3m0c:0m3c + 0m1c -> n:3m1c:0m2c (4)
  Examining n:3m1c:0m2c
    n:3m1c:0m2c + 2m0c -> f:1m1c:2m2c (3)
  Examining f:1m1c:2m2c
    f:1m1c:2m2c + 1m1c -> n:2m2c:1m1c (2)
  Examining n:2m2c:1m1c
    n:2m2c:1m1c + 2m0c -> f:0m2c:3m1c (1)
    n:3m2c:0m1c + 1m0c -> f:2m2c:1m1c (5)
  Examining f:2m2c:1m1c
Searching for n:3m3c:0m0c with limit 8
  Examining n:3m3c:0m0c
    n:3m3c:0m0c + 0m1c -> f:3m2c:0m1c (8)
  Examining f:3m2c:0m1c
    n:3m3c:0m0c + 0m2c -> f:3m1c:0m2c (8)
  Examining f:3m1c:0m2c
    f:3m1c:0m2c + 0m1c -> n:3m2c:0m1c (7)
  Examining n:3m2c:0m1c
    n:3m2c:0m1c + 0m2c -> f:3m0c:0m3c (6)
  Examining f:3m0c:0m3c
    f:3m0c:0m3c + 0m1c -> n:3m1c:0m2c (5)
  Examining n:3m1c:0m2c
    n:3m1c:0m2c + 2m0c -> f:1m1c:2m2c (4)
  Examining f:1m1c:2m2c
    f:1m1c:2m2c + 1m1c -> n:2m2c:1m1c (3)
  Examining n:2m2c:1m1c
    n:2m2c:1m1c + 2m0c -> f:0m2c:3m1c (2)
  Examining f:0m2c:3m1c
    f:0m2c:3m1c + 0m1c -> n:0m3c:3m0c (1)
    n:3m2c:0m1c + 1m0c -> f:2m2c:1m1c (6)
  Examining f:2m2c:1m1c
Searching for n:3m3c:0m0c with limit 9
  Examining n:3m3c:0m0c
    n:3m3c:0m0c + 0m1c -> f:3m2c:0m1c (9)
  Examining f:3m2c:0m1c
    n:3m3c:0m0c + 0m2c -> f:3m1c:0m2c (9)
  Examining f:3m1c:0m2c
    f:3m1c:0m2c + 0m1c -> n:3m2c:0m1c (8)
  Examining n:3m2c:0m1c
    n:3m2c:0m1c + 0m2c -> f:3m0c:0m3c (7)
  Examining f:3m0c:0m3c
    f:3m0c:0m3c + 0m1c -> n:3m1c:0m2c (6)
  Examining n:3m1c:0m2c
    n:3m1c:0m2c + 2m0c -> f:1m1c:2m2c (5)
  Examining f:1m1c:2m2c
    f:1m1c:2m2c + 1m1c -> n:2m2c:1m1c (4)
  Examining n:2m2c:1m1c
    n:2m2c:1m1c + 2m0c -> f:0m2c:3m1c (3)
  Examining f:0m2c:3m1c
    f:0m2c:3m1c + 0m1c -> n:0m3c:3m0c (2)
  Examining n:0m3c:3m0c
    n:0m3c:3m0c + 0m2c -> f:0m1c:3m2c (1)
    n:3m2c:0m1c + 1m0c -> f:2m2c:1m1c (7)
  Examining f:2m2c:1m1c
Searching for n:3m3c:0m0c with limit 10
  Examining n:3m3c:0m0c
    n:3m3c:0m0c + 0m1c -> f:3m2c:0m1c (10)
  Examining f:3m2c:0m1c
    n:3m3c:0m0c + 0m2c -> f:3m1c:0m2c (10)
  Examining f:3m1c:0m2c
    f:3m1c:0m2c + 0m1c -> n:3m2c:0m1c (9)
  Examining n:3m2c:0m1c
    n:3m2c:0m1c + 0m2c -> f:3m0c:0m3c (8)
  Examining f:3m0c:0m3c
    f:3m0c:0m3c + 0m1c -> n:3m1c:0m2c (7)
  Examining n:3m1c:0m2c
    n:3m1c:0m2c + 2m0c -> f:1m1c:2m2c (6)
  Examining f:1m1c:2m2c
    f:1m1c:2m2c + 1m1c -> n:2m2c:1m1c (5)
  Examining n:2m2c:1m1c
    n:2m2c:1m1c + 2m0c -> f:0m2c:3m1c (4)
  Examining f:0m2c:3m1c
    f:0m2c:3m1c + 0m1c -> n:0m3c:3m0c (3)
  Examining n:0m3c:3m0c
    n:0m3c:3m0c + 0m2c -> f:0m1c:3m2c (2)
  Examining f:0m1c:3m2c
    f:0m1c:3m2c + 0m1c -> n:0m2c:3m1c (1)
    f:0m1c:3m2c + 1m0c -> n:1m1c:2m2c (1)
    n:3m2c:0m1c + 1m0c -> f:2m2c:1m1c (8)
  Examining f:2m2c:1m1c
Searching for n:3m3c:0m0c with limit 11
  Examining n:3m3c:0m0c
    n:3m3c:0m0c + 0m1c -> f:3m2c:0m1c (11)
  Examining f:3m2c:0m1c
    n:3m3c:0m0c + 0m2c -> f:3m1c:0m2c (11)
  Examining f:3m1c:0m2c
    f:3m1c:0m2c + 0m1c -> n:3m2c:0m1c (10)
  Examining n:3m2c:0m1c
    n:3m2c:0m1c + 0m2c -> f:3m0c:0m3c (9)
  Examining f:3m0c:0m3c
    f:3m0c:0m3c + 0m1c -> n:3m1c:0m2c (8)
  Examining n:3m1c:0m2c
    n:3m1c:0m2c + 2m0c -> f:1m1c:2m2c (7)
  Examining f:1m1c:2m2c
    f:1m1c:2m2c + 1m1c -> n:2m2c:1m1c (6)
  Examining n:2m2c:1m1c
    n:2m2c:1m1c + 2m0c -> f:0m2c:3m1c (5)
  Examining f:0m2c:3m1c
    f:0m2c:3m1c + 0m1c -> n:0m3c:3m0c (4)
  Examining n:0m3c:3m0c
    n:0m3c:3m0c + 0m2c -> f:0m1c:3m2c (3)
  Examining f:0m1c:3m2c
    f:0m1c:3m2c + 0m1c -> n:0m2c:3m1c (2)
  Examining n:0m2c:3m1c
    n:0m2c:3m1c + 0m2c -> f:0m0c:3m3c (1)
Iterative-Deepening Solution:
    n:3m3c:0m0c + 0m2c
    f:3m1c:0m2c + 0m1c
    n:3m2c:0m1c + 0m2c
    f:3m0c:0m3c + 0m1c
    n:3m1c:0m2c + 2m0c
    f:1m1c:2m2c + 1m1c
    n:2m2c:1m1c + 2m0c
    f:0m2c:3m1c + 0m1c
    n:0m3c:3m0c + 0m2c
    f:0m1c:3m2c + 0m1c
    n:0m2c:3m1c + 0m2c
    f:0m0c:3m3c
