1    [Thread-3] ERROR org.himinbi.othello.server.ClientProxy  - java.io.UTFDataFormatException: Invalid byte 1 of 1-byte UTF-8 sequence.
10   [Thread-3] ERROR org.himinbi.othello.server.ClientProxy  - IO Error: Invalid byte 1 of 1-byte UTF-8 sequence.
7376 [Thread-4] DEBUG org.himinbi.othello.server.GameServer  - Adding client: org.himinbi.othello.client.ai.RandomBot
13161 [Thread-5] DEBUG org.himinbi.othello.server.GameServer  - Adding client: will
17781 [Thread-5] DEBUG org.himinbi.othello.server.GameServer  - Processing game request for: will
17782 [Thread-5] DEBUG org.himinbi.othello.server.GameServer  - Starting game between will and org.himinbi.othello.client.ai.RandomBot
39726 [Thread-5] DEBUG org.himinbi.othello.server.GameServer  - Processing game request for: will
39726 [Thread-5] DEBUG org.himinbi.othello.server.GameServer  - Starting game between will and org.himinbi.othello.client.ai.RandomBot
42943 [Thread-5] DEBUG org.himinbi.othello.server.Game  - Moving will to [5, 6]
42947 [Thread-5] DEBUG org.himinbi.othello.server.ClientProxy  - Sending piece to : org.himinbi.othello.client.ai.RandomBot [5, 6]
42965 [Thread-4] DEBUG org.himinbi.othello.server.Game  - Moving org.himinbi.othello.client.ai.RandomBot to [6, 4]
42965 [Thread-4] DEBUG org.himinbi.othello.server.ClientProxy  - Sending piece to : will [6, 4]
44310 [Thread-5] DEBUG org.himinbi.othello.server.Game  - Moving will to [5, 3]
44310 [Thread-5] DEBUG org.himinbi.othello.server.ClientProxy  - Sending piece to : org.himinbi.othello.client.ai.RandomBot [5, 3]
44342 [Thread-4] DEBUG org.himinbi.othello.server.Game  - Moving org.himinbi.othello.client.ai.RandomBot to [4, 6]
44343 [Thread-4] DEBUG org.himinbi.othello.server.ClientProxy  - Sending piece to : will [4, 6]
45559 [Thread-5] DEBUG org.himinbi.othello.server.Game  - Moving will to [7, 5]
45560 [Thread-5] DEBUG org.himinbi.othello.server.ClientProxy  - Sending piece to : org.himinbi.othello.client.ai.RandomBot [7, 5]
45563 [Thread-4] DEBUG org.himinbi.othello.server.Game  - Moving org.himinbi.othello.client.ai.RandomBot to [7, 3]
45563 [Thread-4] DEBUG org.himinbi.othello.server.ClientProxy  - Sending piece to : will [7, 3]
47696 [Thread-5] DEBUG org.himinbi.othello.server.Game  - Moving will to [3, 6]
47697 [Thread-5] DEBUG org.himinbi.othello.server.ClientProxy  - Sending piece to : org.himinbi.othello.client.ai.RandomBot [3, 6]
47700 [Thread-4] DEBUG org.himinbi.othello.server.Game  - Moving org.himinbi.othello.client.ai.RandomBot to [8, 6]
47701 [Thread-4] DEBUG org.himinbi.othello.server.ClientProxy  - Sending piece to : will [8, 6]
51110 [Thread-5] DEBUG org.himinbi.othello.server.Game  - Moving will to [6, 5]
51111 [Thread-5] DEBUG org.himinbi.othello.server.ClientProxy  - Sending piece to : org.himinbi.othello.client.ai.RandomBot [6, 5]
51119 [Thread-4] DEBUG org.himinbi.othello.server.Game  - Moving org.himinbi.othello.client.ai.RandomBot to [3, 5]
51120 [Thread-4] DEBUG org.himinbi.othello.server.ClientProxy  - Sending piece to : will [3, 5]
52886 [Thread-5] DEBUG org.himinbi.othello.server.Game  - Moving will to [3, 4]
52886 [Thread-5] DEBUG org.himinbi.othello.server.ClientProxy  - Sending piece to : org.himinbi.othello.client.ai.RandomBot [3, 4]
52893 [Thread-4] DEBUG org.himinbi.othello.server.Game  - Moving org.himinbi.othello.client.ai.RandomBot to [4, 3]
52893 [Thread-4] DEBUG org.himinbi.othello.server.ClientProxy  - Sending piece to : will [4, 3]
54287 [Thread-5] DEBUG org.himinbi.othello.server.Game  - Moving will to [8, 5]
54288 [Thread-5] DEBUG org.himinbi.othello.server.ClientProxy  - Sending piece to : org.himinbi.othello.client.ai.RandomBot [8, 5]
54291 [Thread-4] DEBUG org.himinbi.othello.server.Game  - Moving org.himinbi.othello.client.ai.RandomBot to [2, 7]
54292 [Thread-4] DEBUG org.himinbi.othello.server.ClientProxy  - Sending piece to : will [2, 7]
55935 [Thread-5] DEBUG org.himinbi.othello.server.Game  - Moving will to [8, 7]
55935 [Thread-5] DEBUG org.himinbi.othello.server.ClientProxy  - Sending piece to : org.himinbi.othello.client.ai.RandomBot [8, 7]
55939 [Thread-4] DEBUG org.himinbi.othello.server.Game  - Moving org.himinbi.othello.client.ai.RandomBot to [7, 6]
55939 [Thread-4] DEBUG org.himinbi.othello.server.ClientProxy  - Sending piece to : will [7, 6]
59342 [Thread-5] DEBUG org.himinbi.othello.server.Game  - Moving will to [8, 2]
59342 [Thread-5] DEBUG org.himinbi.othello.server.ClientProxy  - Sending piece to : org.himinbi.othello.client.ai.RandomBot [8, 2]
59345 [Thread-4] DEBUG org.himinbi.othello.server.Game  - Moving org.himinbi.othello.client.ai.RandomBot to [7, 4]
59346 [Thread-4] DEBUG org.himinbi.othello.server.ClientProxy  - Sending piece to : will [7, 4]
61394 [Thread-5] DEBUG org.himinbi.othello.server.Game  - Moving will to [8, 4]
61394 [Thread-5] DEBUG org.himinbi.othello.server.ClientProxy  - Sending piece to : org.himinbi.othello.client.ai.RandomBot [8, 4]
61397 [Thread-4] DEBUG org.himinbi.othello.server.Game  - Moving org.himinbi.othello.client.ai.RandomBot to [6, 7]
61398 [Thread-4] DEBUG org.himinbi.othello.server.ClientProxy  - Sending piece to : will [6, 7]
65110 [Thread-5] DEBUG org.himinbi.othello.server.Game  - Moving will to [5, 8]
65110 [Thread-5] DEBUG org.himinbi.othello.server.ClientProxy  - Sending piece to : org.himinbi.othello.client.ai.RandomBot [5, 8]
65114 [Thread-4] DEBUG org.himinbi.othello.server.Game  - Moving org.himinbi.othello.client.ai.RandomBot to [6, 3]
65114 [Thread-4] DEBUG org.himinbi.othello.server.ClientProxy  - Sending piece to : will [6, 3]
66947 [Thread-5] DEBUG org.himinbi.othello.server.Game  - Moving will to [5, 2]
66947 [Thread-5] DEBUG org.himinbi.othello.server.ClientProxy  - Sending piece to : org.himinbi.othello.client.ai.RandomBot [5, 2]
66951 [Thread-4] DEBUG org.himinbi.othello.server.Game  - Moving org.himinbi.othello.client.ai.RandomBot to [4, 2]
66952 [Thread-4] DEBUG org.himinbi.othello.server.ClientProxy  - Sending piece to : will [4, 2]
68345 [Thread-5] DEBUG org.himinbi.othello.server.Game  - Moving will to [3, 3]
68346 [Thread-5] DEBUG org.himinbi.othello.server.ClientProxy  - Sending piece to : org.himinbi.othello.client.ai.RandomBot [3, 3]
68349 [Thread-4] DEBUG org.himinbi.othello.server.Game  - Moving org.himinbi.othello.client.ai.RandomBot to [4, 7]
68349 [Thread-4] DEBUG org.himinbi.othello.server.ClientProxy  - Sending piece to : will [4, 7]
69914 [Thread-5] DEBUG org.himinbi.othello.server.Game  - Moving will to [3, 7]
69915 [Thread-5] DEBUG org.himinbi.othello.server.ClientProxy  - Sending piece to : org.himinbi.othello.client.ai.RandomBot [3, 7]
69918 [Thread-4] DEBUG org.himinbi.othello.server.Game  - Moving org.himinbi.othello.client.ai.RandomBot to [2, 8]
69918 [Thread-4] DEBUG org.himinbi.othello.server.ClientProxy  - Sending piece to : will [2, 8]
71509 [Thread-5] DEBUG org.himinbi.othello.server.Game  - Moving will to [1, 8]
71509 [Thread-5] DEBUG org.himinbi.othello.server.ClientProxy  - Sending piece to : org.himinbi.othello.client.ai.RandomBot [1, 8]
71513 [Thread-4] DEBUG org.himinbi.othello.server.Game  - Moving org.himinbi.othello.client.ai.RandomBot to [8, 3]
71513 [Thread-4] DEBUG org.himinbi.othello.server.ClientProxy  - Sending piece to : will [8, 3]
73012 [Thread-5] DEBUG org.himinbi.othello.server.Game  - Moving will to [5, 7]
73012 [Thread-5] DEBUG org.himinbi.othello.server.ClientProxy  - Sending piece to : org.himinbi.othello.client.ai.RandomBot [5, 7]
73028 [Thread-4] DEBUG org.himinbi.othello.server.Game  - Moving org.himinbi.othello.client.ai.RandomBot to [8, 8]
73029 [Thread-4] DEBUG org.himinbi.othello.server.ClientProxy  - Sending piece to : will [8, 8]
77208 [Thread-5] DEBUG org.himinbi.othello.server.Game  - Moving will to [6, 6]
77208 [Thread-5] DEBUG org.himinbi.othello.server.ClientProxy  - Sending piece to : org.himinbi.othello.client.ai.RandomBot [6, 6]
77212 [Thread-4] DEBUG org.himinbi.othello.server.Game  - Moving org.himinbi.othello.client.ai.RandomBot to [7, 2]
77213 [Thread-4] DEBUG org.himinbi.othello.server.ClientProxy  - Sending piece to : will [7, 2]
78937 [Thread-5] DEBUG org.himinbi.othello.server.Game  - Moving will to [7, 1]
78938 [Thread-5] DEBUG org.himinbi.othello.server.ClientProxy  - Sending piece to : org.himinbi.othello.client.ai.RandomBot [7, 1]
78942 [Thread-4] DEBUG org.himinbi.othello.server.Game  - Moving org.himinbi.othello.client.ai.RandomBot to [3, 2]
78942 [Thread-4] DEBUG org.himinbi.othello.server.ClientProxy  - Sending piece to : will [3, 2]
83449 [Thread-5] DEBUG org.himinbi.othello.server.Game  - Moving will to [4, 1]
83450 [Thread-5] DEBUG org.himinbi.othello.server.ClientProxy  - Sending piece to : org.himinbi.othello.client.ai.RandomBot [4, 1]
83453 [Thread-4] DEBUG org.himinbi.othello.server.Game  - Moving org.himinbi.othello.client.ai.RandomBot to [4, 8]
83453 [Thread-4] DEBUG org.himinbi.othello.server.ClientProxy  - Sending piece to : will [4, 8]
85732 [Thread-5] DEBUG org.himinbi.othello.server.Game  - Moving will to [3, 8]
85732 [Thread-5] DEBUG org.himinbi.othello.server.ClientProxy  - Sending piece to : org.himinbi.othello.client.ai.RandomBot [3, 8]
85735 [Thread-4] DEBUG org.himinbi.othello.server.Game  - Moving org.himinbi.othello.client.ai.RandomBot to [2, 2]
85736 [Thread-4] DEBUG org.himinbi.othello.server.ClientProxy  - Sending piece to : will [2, 2]
93005 [Thread-5] DEBUG org.himinbi.othello.server.Game  - Moving will to [6, 8]
93005 [Thread-5] DEBUG org.himinbi.othello.server.ClientProxy  - Sending piece to : org.himinbi.othello.client.ai.RandomBot [6, 8]
93016 [Thread-4] DEBUG org.himinbi.othello.server.Game  - Moving org.himinbi.othello.client.ai.RandomBot to [2, 6]
93017 [Thread-4] DEBUG org.himinbi.othello.server.ClientProxy  - Sending piece to : will [2, 6]
94555 [Thread-5] DEBUG org.himinbi.othello.server.Game  - Moving will to [1, 6]
94555 [Thread-5] DEBUG org.himinbi.othello.server.ClientProxy  - Sending piece to : org.himinbi.othello.client.ai.RandomBot [1, 6]
94558 [Thread-4] DEBUG org.himinbi.othello.server.Game  - Moving org.himinbi.othello.client.ai.RandomBot to [7, 8]
94558 [Thread-4] DEBUG org.himinbi.othello.server.ClientProxy  - Sending piece to : will [7, 8]
96736 [Thread-5] DEBUG org.himinbi.othello.server.Game  - Moving will to [1, 1]
96737 [Thread-5] DEBUG org.himinbi.othello.server.ClientProxy  - Sending piece to : org.himinbi.othello.client.ai.RandomBot [1, 1]
96740 [Thread-4] DEBUG org.himinbi.othello.server.Game  - Moving org.himinbi.othello.client.ai.RandomBot to [8, 1]
96740 [Thread-4] DEBUG org.himinbi.othello.server.ClientProxy  - Sending piece to : will [8, 1]
99200 [Thread-5] DEBUG org.himinbi.othello.server.Game  - Moving will to [6, 2]
99200 [Thread-5] DEBUG org.himinbi.othello.server.ClientProxy  - Sending piece to : org.himinbi.othello.client.ai.RandomBot [6, 2]
99203 [Thread-4] DEBUG org.himinbi.othello.server.Game  - Moving org.himinbi.othello.client.ai.RandomBot to [7, 7]
99203 [Thread-4] DEBUG org.himinbi.othello.server.ClientProxy  - Sending piece to : will [7, 7]
101678 [Thread-5] DEBUG org.himinbi.othello.server.Game  - Moving will to [2, 5]
101678 [Thread-5] DEBUG org.himinbi.othello.server.ClientProxy  - Sending piece to : org.himinbi.othello.client.ai.RandomBot [2, 5]
101708 [Thread-4] DEBUG org.himinbi.othello.server.Game  - Moving org.himinbi.othello.client.ai.RandomBot to [1, 7]
101709 [Thread-4] DEBUG org.himinbi.othello.server.ClientProxy  - Sending piece to : will [1, 7]
108988 [Thread-5] DEBUG org.himinbi.othello.server.Game  - Moving will to [3, 1]
108990 [Thread-5] DEBUG org.himinbi.othello.server.ClientProxy  - Sending piece to : org.himinbi.othello.client.ai.RandomBot [3, 1]
108993 [Thread-4] DEBUG org.himinbi.othello.server.Game  - Moving org.himinbi.othello.client.ai.RandomBot to [6, 1]
108993 [Thread-4] DEBUG org.himinbi.othello.server.ClientProxy  - Sending piece to : will [6, 1]
111137 [Thread-5] DEBUG org.himinbi.othello.server.Game  - Moving will to [5, 1]
111138 [Thread-5] DEBUG org.himinbi.othello.server.ClientProxy  - Sending piece to : org.himinbi.othello.client.ai.RandomBot [5, 1]
111141 [Thread-4] DEBUG org.himinbi.othello.server.Game  - Moving org.himinbi.othello.client.ai.RandomBot to [1, 4]
111142 [Thread-4] DEBUG org.himinbi.othello.server.ClientProxy  - Sending piece to : will [1, 4]
113257 [Thread-5] DEBUG org.himinbi.othello.server.Game  - Moving will to [1, 5]
113262 [Thread-5] DEBUG org.himinbi.othello.server.ClientProxy  - Sending piece to : org.himinbi.othello.client.ai.RandomBot [1, 5]
113265 [Thread-4] DEBUG org.himinbi.othello.server.Game  - Moving org.himinbi.othello.client.ai.RandomBot to [1, 2]
113265 [Thread-4] DEBUG org.himinbi.othello.server.ClientProxy  - Sending piece to : will [1, 2]
115237 [Thread-5] DEBUG org.himinbi.othello.server.Game  - Moving will to [2, 1]
115237 [Thread-5] DEBUG org.himinbi.othello.server.ClientProxy  - Sending piece to : org.himinbi.othello.client.ai.RandomBot [2, 1]
115243 [Thread-4] DEBUG org.himinbi.othello.server.Game  - Moving org.himinbi.othello.client.ai.RandomBot to [2, 3]
115244 [Thread-4] DEBUG org.himinbi.othello.server.ClientProxy  - Sending piece to : will [2, 3]
117918 [Thread-5] DEBUG org.himinbi.othello.server.Game  - Moving will to [1, 3]
117919 [Thread-5] DEBUG org.himinbi.othello.server.ClientProxy  - Sending piece to : org.himinbi.othello.client.ai.RandomBot [1, 3]
117922 [Thread-4] DEBUG org.himinbi.othello.server.Game  - Moving org.himinbi.othello.client.ai.RandomBot to [2, 4]
117923 [Thread-4] DEBUG org.himinbi.othello.server.ClientProxy  - Sending piece to : will [2, 4]
157077 [Thread-5] DEBUG org.himinbi.othello.server.GameServer  - Processing game request for: will
157077 [Thread-5] DEBUG org.himinbi.othello.server.GameServer  - Starting game between will and org.himinbi.othello.client.ai.RandomBot
162073 [Thread-5] DEBUG org.himinbi.othello.server.GameServer  - Processing game request for: will
162073 [Thread-5] DEBUG org.himinbi.othello.server.GameServer  - Starting game between will and org.himinbi.othello.client.ai.RandomBot
181774 [Thread-4] ERROR org.himinbi.othello.server.ClientProxy  - org.xml.sax.SAXParseException: XML document structures must start and end within the same entity.
181777 [Thread-4] DEBUG org.himinbi.othello.server.GameServer  - Removing client: org.himinbi.othello.client.ai.RandomBot
181779 [Thread-4] ERROR org.himinbi.othello.server.ClientProxy  - org.xml.sax.SAXParseException: XML document structures must start and end within the same entity.
181780 [Thread-4] DEBUG org.himinbi.othello.server.GameServer  - Removing client: org.himinbi.othello.client.ai.RandomBot
190446 [Thread-10] DEBUG org.himinbi.othello.server.GameServer  - Adding client: org.himinbi.othello.client.ai.RandomBot
195735 [Thread-11] DEBUG org.himinbi.othello.server.GameServer  - Adding client: org.himinbi.othello.client.ai.GreedyBot
203065 [Thread-12] DEBUG org.himinbi.othello.server.GameServer  - Adding client: org.himinbi.othello.client.ai.TrashTalkBot
207233 [Thread-5] DEBUG org.himinbi.othello.server.GameServer  - Processing game request for: will
207234 [Thread-5] DEBUG org.himinbi.othello.server.GameServer  - Starting game between will and org.himinbi.othello.client.ai.GreedyBot
213012 [Thread-5] DEBUG org.himinbi.othello.server.GameServer  - Processing game request for: will
213013 [Thread-5] DEBUG org.himinbi.othello.server.GameServer  - Starting game between will and org.himinbi.othello.client.ai.RandomBot
224205 [Thread-5] DEBUG org.himinbi.othello.server.GameServer  - Processing game request for: will
224205 [Thread-5] DEBUG org.himinbi.othello.server.GameServer  - Starting game between will and org.himinbi.othello.client.ai.TrashTalkBot
227923 [Thread-5] DEBUG org.himinbi.othello.server.Game  - Moving will to [6, 5]
227924 [Thread-5] DEBUG org.himinbi.othello.server.ClientProxy  - Sending piece to : org.himinbi.othello.client.ai.TrashTalkBot [6, 5]
227940 [Thread-12] DEBUG org.himinbi.othello.server.Game  - Moving org.himinbi.othello.client.ai.TrashTalkBot to [6, 4]
227941 [Thread-12] DEBUG org.himinbi.othello.server.ClientProxy  - Sending piece to : will [6, 4]
229446 [Thread-5] DEBUG org.himinbi.othello.server.Game  - Moving will to [6, 3]
229446 [Thread-5] DEBUG org.himinbi.othello.server.ClientProxy  - Sending piece to : org.himinbi.othello.client.ai.TrashTalkBot [6, 3]
229455 [Thread-12] DEBUG org.himinbi.othello.server.Game  - Moving org.himinbi.othello.client.ai.TrashTalkBot to [4, 6]
229456 [Thread-12] DEBUG org.himinbi.othello.server.ClientProxy  - Sending piece to : will [4, 6]
231190 [Thread-5] DEBUG org.himinbi.othello.server.Game  - Moving will to [3, 5]
231191 [Thread-5] DEBUG org.himinbi.othello.server.ClientProxy  - Sending piece to : org.himinbi.othello.client.ai.TrashTalkBot [3, 5]
231208 [Thread-12] DEBUG org.himinbi.othello.server.Game  - Moving org.himinbi.othello.client.ai.TrashTalkBot to [7, 4]
231208 [Thread-12] DEBUG org.himinbi.othello.server.ClientProxy  - Sending piece to : will [7, 4]
232785 [Thread-5] DEBUG org.himinbi.othello.server.Game  - Moving will to [8, 3]
232786 [Thread-5] DEBUG org.himinbi.othello.server.ClientProxy  - Sending piece to : org.himinbi.othello.client.ai.TrashTalkBot [8, 3]
232804 [Thread-12] DEBUG org.himinbi.othello.server.Game  - Moving org.himinbi.othello.client.ai.TrashTalkBot to [6, 2]
232805 [Thread-12] DEBUG org.himinbi.othello.server.ClientProxy  - Sending piece to : will [6, 2]
234065 [Thread-5] DEBUG org.himinbi.othello.server.Game  - Moving will to [6, 1]
234066 [Thread-5] DEBUG org.himinbi.othello.server.ClientProxy  - Sending piece to : org.himinbi.othello.client.ai.TrashTalkBot [6, 1]
234073 [Thread-12] DEBUG org.himinbi.othello.server.Game  - Moving org.himinbi.othello.client.ai.TrashTalkBot to [7, 2]
234074 [Thread-12] DEBUG org.himinbi.othello.server.ClientProxy  - Sending piece to : will [7, 2]
236977 [Thread-5] DEBUG org.himinbi.othello.server.Game  - Moving will to [8, 1]
236978 [Thread-5] DEBUG org.himinbi.othello.server.ClientProxy  - Sending piece to : org.himinbi.othello.client.ai.TrashTalkBot [8, 1]
236991 [Thread-12] DEBUG org.himinbi.othello.server.Game  - Moving org.himinbi.othello.client.ai.TrashTalkBot to [2, 6]
236992 [Thread-12] DEBUG org.himinbi.othello.server.ClientProxy  - Sending piece to : will [2, 6]
238690 [Thread-5] DEBUG org.himinbi.othello.server.Game  - Moving will to [2, 5]
238691 [Thread-5] DEBUG org.himinbi.othello.server.ClientProxy  - Sending piece to : org.himinbi.othello.client.ai.TrashTalkBot [2, 5]
238693 [Thread-12] DEBUG org.himinbi.othello.server.Game  - Moving org.himinbi.othello.client.ai.TrashTalkBot to [7, 3]
238694 [Thread-12] DEBUG org.himinbi.othello.server.ClientProxy  - Sending piece to : will [7, 3]
242737 [Thread-5] DEBUG org.himinbi.othello.server.Game  - Moving will to [4, 7]
242738 [Thread-5] DEBUG org.himinbi.othello.server.ClientProxy  - Sending piece to : org.himinbi.othello.client.ai.TrashTalkBot [4, 7]
242743 [Thread-12] DEBUG org.himinbi.othello.server.Game  - Moving org.himinbi.othello.client.ai.TrashTalkBot to [7, 5]
242748 [Thread-12] DEBUG org.himinbi.othello.server.ClientProxy  - Sending piece to : will [7, 5]
244391 [Thread-5] DEBUG org.himinbi.othello.server.Game  - Moving will to [8, 2]
244392 [Thread-5] DEBUG org.himinbi.othello.server.ClientProxy  - Sending piece to : org.himinbi.othello.client.ai.TrashTalkBot [8, 2]
244400 [Thread-12] DEBUG org.himinbi.othello.server.Game  - Moving org.himinbi.othello.client.ai.TrashTalkBot to [7, 1]
244400 [Thread-12] DEBUG org.himinbi.othello.server.ClientProxy  - Sending piece to : will [7, 1]
253327 [Thread-5] DEBUG org.himinbi.othello.server.Game  - Moving will to [5, 3]
253328 [Thread-5] DEBUG org.himinbi.othello.server.ClientProxy  - Sending piece to : org.himinbi.othello.client.ai.TrashTalkBot [5, 3]
253337 [Thread-12] DEBUG org.himinbi.othello.server.Game  - Moving org.himinbi.othello.client.ai.TrashTalkBot to [4, 2]
253337 [Thread-12] DEBUG org.himinbi.othello.server.ClientProxy  - Sending piece to : will [4, 2]
256957 [Thread-5] DEBUG org.himinbi.othello.server.Game  - Moving will to [8, 5]
256958 [Thread-5] DEBUG org.himinbi.othello.server.ClientProxy  - Sending piece to : org.himinbi.othello.client.ai.TrashTalkBot [8, 5]
256962 [Thread-12] DEBUG org.himinbi.othello.server.Game  - Moving org.himinbi.othello.client.ai.TrashTalkBot to [5, 6]
256962 [Thread-12] DEBUG org.himinbi.othello.server.ClientProxy  - Sending piece to : will [5, 6]
259698 [Thread-5] DEBUG org.himinbi.othello.server.Game  - Moving will to [3, 1]
259698 [Thread-5] DEBUG org.himinbi.othello.server.ClientProxy  - Sending piece to : org.himinbi.othello.client.ai.TrashTalkBot [3, 1]
259704 [Thread-12] DEBUG org.himinbi.othello.server.Game  - Moving org.himinbi.othello.client.ai.TrashTalkBot to [3, 6]
259705 [Thread-12] DEBUG org.himinbi.othello.server.ClientProxy  - Sending piece to : will [3, 6]
261272 [Thread-5] DEBUG org.himinbi.othello.server.Game  - Moving will to [5, 7]
261272 [Thread-5] DEBUG org.himinbi.othello.server.ClientProxy  - Sending piece to : org.himinbi.othello.client.ai.TrashTalkBot [5, 7]
261275 [Thread-12] DEBUG org.himinbi.othello.server.Game  - Moving org.himinbi.othello.client.ai.TrashTalkBot to [1, 4]
261276 [Thread-12] DEBUG org.himinbi.othello.server.ClientProxy  - Sending piece to : will [1, 4]
264880 [Thread-5] DEBUG org.himinbi.othello.server.Game  - Moving will to [1, 5]
264880 [Thread-5] DEBUG org.himinbi.othello.server.ClientProxy  - Sending piece to : org.himinbi.othello.client.ai.TrashTalkBot [1, 5]
264883 [Thread-12] DEBUG org.himinbi.othello.server.Game  - Moving org.himinbi.othello.client.ai.TrashTalkBot to [3, 7]
264883 [Thread-12] DEBUG org.himinbi.othello.server.ClientProxy  - Sending piece to : will [3, 7]
270327 [Thread-5] DEBUG org.himinbi.othello.server.Game  - Moving will to [1, 3]
270328 [Thread-5] DEBUG org.himinbi.othello.server.ClientProxy  - Sending piece to : org.himinbi.othello.client.ai.TrashTalkBot [1, 3]
270331 [Thread-12] DEBUG org.himinbi.othello.server.Game  - Moving org.himinbi.othello.client.ai.TrashTalkBot to [3, 3]
270331 [Thread-12] DEBUG org.himinbi.othello.server.ClientProxy  - Sending piece to : will [3, 3]
275107 [Thread-5] DEBUG org.himinbi.othello.server.Game  - Moving will to [4, 3]
275107 [Thread-5] DEBUG org.himinbi.othello.server.ClientProxy  - Sending piece to : org.himinbi.othello.client.ai.TrashTalkBot [4, 3]
275111 [Thread-12] DEBUG org.himinbi.othello.server.Game  - Moving org.himinbi.othello.client.ai.TrashTalkBot to [7, 6]
275111 [Thread-12] DEBUG org.himinbi.othello.server.ClientProxy  - Sending piece to : will [7, 6]
278323 [Thread-5] DEBUG org.himinbi.othello.server.Game  - Moving will to [8, 4]
278324 [Thread-5] DEBUG org.himinbi.othello.server.ClientProxy  - Sending piece to : org.himinbi.othello.client.ai.TrashTalkBot [8, 4]
278327 [Thread-12] DEBUG org.himinbi.othello.server.Game  - Moving org.himinbi.othello.client.ai.TrashTalkBot to [6, 6]
278328 [Thread-12] DEBUG org.himinbi.othello.server.ClientProxy  - Sending piece to : will [6, 6]
281842 [Thread-5] DEBUG org.himinbi.othello.server.Game  - Moving will to [8, 7]
281862 [Thread-5] DEBUG org.himinbi.othello.server.ClientProxy  - Sending piece to : org.himinbi.othello.client.ai.TrashTalkBot [8, 7]
281866 [Thread-12] DEBUG org.himinbi.othello.server.Game  - Moving org.himinbi.othello.client.ai.TrashTalkBot to [2, 4]
281866 [Thread-12] DEBUG org.himinbi.othello.server.ClientProxy  - Sending piece to : will [2, 4]
284753 [Thread-5] DEBUG org.himinbi.othello.server.Game  - Moving will to [1, 6]
284754 [Thread-5] DEBUG org.himinbi.othello.server.ClientProxy  - Sending piece to : org.himinbi.othello.client.ai.TrashTalkBot [1, 6]
284758 [Thread-12] DEBUG org.himinbi.othello.server.Game  - Moving org.himinbi.othello.client.ai.TrashTalkBot to [1, 7]
284758 [Thread-12] DEBUG org.himinbi.othello.server.ClientProxy  - Sending piece to : will [1, 7]
287610 [Thread-5] DEBUG org.himinbi.othello.server.Game  - Moving will to [1, 8]
287610 [Thread-5] DEBUG org.himinbi.othello.server.ClientProxy  - Sending piece to : org.himinbi.othello.client.ai.TrashTalkBot [1, 8]
287613 [Thread-12] DEBUG org.himinbi.othello.server.Game  - Moving org.himinbi.othello.client.ai.TrashTalkBot to [5, 8]
287613 [Thread-12] DEBUG org.himinbi.othello.server.ClientProxy  - Sending piece to : will [5, 8]
289506 [Thread-5] DEBUG org.himinbi.othello.server.Game  - Moving will to [6, 8]
289506 [Thread-5] DEBUG org.himinbi.othello.server.ClientProxy  - Sending piece to : org.himinbi.othello.client.ai.TrashTalkBot [6, 8]
289509 [Thread-12] DEBUG org.himinbi.othello.server.Game  - Moving org.himinbi.othello.client.ai.TrashTalkBot to [5, 1]
289509 [Thread-12] DEBUG org.himinbi.othello.server.ClientProxy  - Sending piece to : will [5, 1]
291505 [Thread-5] DEBUG org.himinbi.othello.server.Game  - Moving will to [4, 1]
291506 [Thread-5] DEBUG org.himinbi.othello.server.ClientProxy  - Sending piece to : org.himinbi.othello.client.ai.TrashTalkBot [4, 1]
291519 [Thread-12] DEBUG org.himinbi.othello.server.Game  - Moving org.himinbi.othello.client.ai.TrashTalkBot to [5, 2]
291520 [Thread-12] DEBUG org.himinbi.othello.server.ClientProxy  - Sending piece to : will [5, 2]
296235 [Thread-5] DEBUG org.himinbi.othello.server.Game  - Moving will to [6, 7]
296236 [Thread-5] DEBUG org.himinbi.othello.server.ClientProxy  - Sending piece to : org.himinbi.othello.client.ai.TrashTalkBot [6, 7]
296242 [Thread-12] DEBUG org.himinbi.othello.server.Game  - Moving org.himinbi.othello.client.ai.TrashTalkBot to [3, 2]
296243 [Thread-12] DEBUG org.himinbi.othello.server.ClientProxy  - Sending piece to : will [3, 2]
299456 [Thread-5] DEBUG org.himinbi.othello.server.Game  - Moving will to [2, 2]
299457 [Thread-5] DEBUG org.himinbi.othello.server.ClientProxy  - Sending piece to : org.himinbi.othello.client.ai.TrashTalkBot [2, 2]
299459 [Thread-12] DEBUG org.himinbi.othello.server.Game  - Moving org.himinbi.othello.client.ai.TrashTalkBot to [1, 1]
299460 [Thread-12] DEBUG org.himinbi.othello.server.ClientProxy  - Sending piece to : will [1, 1]
303628 [Thread-5] DEBUG org.himinbi.othello.server.Game  - Moving will to [1, 2]
303628 [Thread-5] DEBUG org.himinbi.othello.server.ClientProxy  - Sending piece to : org.himinbi.othello.client.ai.TrashTalkBot [1, 2]
303633 [Thread-12] DEBUG org.himinbi.othello.server.Game  - Moving org.himinbi.othello.client.ai.TrashTalkBot to [4, 8]
303633 [Thread-12] DEBUG org.himinbi.othello.server.ClientProxy  - Sending piece to : will [4, 8]
306855 [Thread-5] DEBUG org.himinbi.othello.server.Game  - Moving will to [3, 8]
306856 [Thread-5] DEBUG org.himinbi.othello.server.ClientProxy  - Sending piece to : org.himinbi.othello.client.ai.TrashTalkBot [3, 8]
306858 [Thread-12] DEBUG org.himinbi.othello.server.Game  - Moving org.himinbi.othello.client.ai.TrashTalkBot to [2, 1]
306859 [Thread-12] DEBUG org.himinbi.othello.server.ClientProxy  - Sending piece to : will [2, 1]
308828 [Thread-5] DEBUG org.himinbi.othello.server.Game  - Moving will to [2, 3]
308831 [Thread-5] DEBUG org.himinbi.othello.server.ClientProxy  - Sending piece to : org.himinbi.othello.client.ai.TrashTalkBot [2, 3]
308834 [Thread-12] DEBUG org.himinbi.othello.server.Game  - Moving org.himinbi.othello.client.ai.TrashTalkBot to [7, 7]
308834 [Thread-12] DEBUG org.himinbi.othello.server.ClientProxy  - Sending piece to : will [7, 7]
310435 [Thread-5] DEBUG org.himinbi.othello.server.Game  - Moving will to [8, 6]
310435 [Thread-5] DEBUG org.himinbi.othello.server.ClientProxy  - Sending piece to : org.himinbi.othello.client.ai.TrashTalkBot [8, 6]
310439 [Thread-12] DEBUG org.himinbi.othello.server.Game  - Moving org.himinbi.othello.client.ai.TrashTalkBot to [8, 8]
310439 [Thread-12] DEBUG org.himinbi.othello.server.ClientProxy  - Sending piece to : will [8, 8]
313222 [Thread-5] DEBUG org.himinbi.othello.server.Game  - Moving will to [7, 8]
313227 [Thread-5] DEBUG org.himinbi.othello.server.ClientProxy  - Sending piece to : org.himinbi.othello.client.ai.TrashTalkBot [7, 8]
313229 [Thread-12] DEBUG org.himinbi.othello.server.Game  - Moving org.himinbi.othello.client.ai.TrashTalkBot to [2, 8]
313230 [Thread-12] DEBUG org.himinbi.othello.server.ClientProxy  - Sending piece to : will [2, 8]
315111 [Thread-5] DEBUG org.himinbi.othello.server.Game  - Moving will to [2, 7]
315112 [Thread-5] DEBUG org.himinbi.othello.server.ClientProxy  - Sending piece to : org.himinbi.othello.client.ai.TrashTalkBot [2, 7]
315116 [Thread-12] DEBUG org.himinbi.othello.server.Game  - Moving org.himinbi.othello.client.ai.TrashTalkBot to [3, 4]
315117 [Thread-12] DEBUG org.himinbi.othello.server.ClientProxy  - Sending piece to : will [3, 4]
324990 [Thread-5] DEBUG org.himinbi.othello.server.GameServer  - Removing client: will
324991 [Thread-5] ERROR org.himinbi.othello.server.ClientProxy  - java.net.SocketException: null fd object
324991 [Thread-5] ERROR org.himinbi.othello.server.ClientProxy  - IO Error: null fd object
324992 [Thread-5] DEBUG org.himinbi.othello.server.GameServer  - Removing client: will
329832 [Thread-16] DEBUG org.himinbi.othello.server.GameServer  - Adding client: will
340269 [Thread-16] DEBUG org.himinbi.othello.server.GameServer  - Processing game request for: will
340270 [Thread-16] DEBUG org.himinbi.othello.server.GameServer  - Starting game between will and org.himinbi.othello.client.ai.GreedyBot
346765 [Thread-16] DEBUG org.himinbi.othello.server.GameServer  - Processing game request for: will
346765 [Thread-16] DEBUG org.himinbi.othello.server.GameServer  - Starting game between will and org.himinbi.othello.client.ai.GreedyBot
350645 [Thread-16] DEBUG org.himinbi.othello.server.Game  - Moving org.himinbi.othello.client.ai.GreedyBot to [5, 6]
350645 [Thread-16] DEBUG org.himinbi.othello.server.ClientProxy  - Sending piece to : will [5, 6]
353457 [Thread-16] DEBUG org.himinbi.othello.server.Game  - Moving will to [6, 6]
353457 [Thread-16] DEBUG org.himinbi.othello.server.ClientProxy  - Sending piece to : org.himinbi.othello.client.ai.GreedyBot [6, 6]
353474 [Thread-11] DEBUG org.himinbi.othello.server.Game  - Moving org.himinbi.othello.client.ai.GreedyBot to [7, 6]
353474 [Thread-11] DEBUG org.himinbi.othello.server.ClientProxy  - Sending piece to : will [7, 6]
354907 [Thread-16] DEBUG org.himinbi.othello.server.Game  - Moving will to [7, 7]
354907 [Thread-16] DEBUG org.himinbi.othello.server.ClientProxy  - Sending piece to : org.himinbi.othello.client.ai.GreedyBot [7, 7]
354913 [Thread-11] DEBUG org.himinbi.othello.server.Game  - Moving org.himinbi.othello.client.ai.GreedyBot to [7, 8]
354913 [Thread-11] DEBUG org.himinbi.othello.server.ClientProxy  - Sending piece to : will [7, 8]
357410 [Thread-16] DEBUG org.himinbi.othello.server.Game  - Moving will to [5, 7]
357411 [Thread-16] DEBUG org.himinbi.othello.server.ClientProxy  - Sending piece to : org.himinbi.othello.client.ai.GreedyBot [5, 7]
357414 [Thread-11] DEBUG org.himinbi.othello.server.Game  - Moving org.himinbi.othello.client.ai.GreedyBot to [5, 8]
357414 [Thread-11] DEBUG org.himinbi.othello.server.ClientProxy  - Sending piece to : will [5, 8]
358970 [Thread-16] DEBUG org.himinbi.othello.server.Game  - Moving will to [4, 8]
358971 [Thread-16] DEBUG org.himinbi.othello.server.ClientProxy  - Sending piece to : org.himinbi.othello.client.ai.GreedyBot [4, 8]
358976 [Thread-11] DEBUG org.himinbi.othello.server.Game  - Moving org.himinbi.othello.client.ai.GreedyBot to [3, 8]
358976 [Thread-11] DEBUG org.himinbi.othello.server.ClientProxy  - Sending piece to : will [3, 8]
362423 [Thread-16] DEBUG org.himinbi.othello.server.Game  - Moving will to [4, 6]
362424 [Thread-16] DEBUG org.himinbi.othello.server.ClientProxy  - Sending piece to : org.himinbi.othello.client.ai.GreedyBot [4, 6]
362429 [Thread-11] DEBUG org.himinbi.othello.server.Game  - Moving org.himinbi.othello.client.ai.GreedyBot to [3, 6]
362430 [Thread-11] DEBUG org.himinbi.othello.server.ClientProxy  - Sending piece to : will [3, 6]
364026 [Thread-16] DEBUG org.himinbi.othello.server.Game  - Moving will to [3, 5]
364027 [Thread-16] DEBUG org.himinbi.othello.server.ClientProxy  - Sending piece to : org.himinbi.othello.client.ai.GreedyBot [3, 5]
364030 [Thread-11] DEBUG org.himinbi.othello.server.Game  - Moving org.himinbi.othello.client.ai.GreedyBot to [3, 7]
364031 [Thread-11] DEBUG org.himinbi.othello.server.ClientProxy  - Sending piece to : will [3, 7]
369308 [Thread-16] DEBUG org.himinbi.othello.server.Game  - Moving will to [8, 8]
369309 [Thread-16] DEBUG org.himinbi.othello.server.ClientProxy  - Sending piece to : org.himinbi.othello.client.ai.GreedyBot [8, 8]
369313 [Thread-11] DEBUG org.himinbi.othello.server.Game  - Moving org.himinbi.othello.client.ai.GreedyBot to [6, 8]
369313 [Thread-11] DEBUG org.himinbi.othello.server.ClientProxy  - Sending piece to : will [6, 8]
375963 [Thread-16] DEBUG org.himinbi.othello.server.Game  - Moving will to [5, 3]
375963 [Thread-16] DEBUG org.himinbi.othello.server.ClientProxy  - Sending piece to : org.himinbi.othello.client.ai.GreedyBot [5, 3]
375966 [Thread-11] DEBUG org.himinbi.othello.server.Game  - Moving org.himinbi.othello.client.ai.GreedyBot to [8, 6]
375967 [Thread-11] DEBUG org.himinbi.othello.server.ClientProxy  - Sending piece to : will [8, 6]
381296 [Thread-16] DEBUG org.himinbi.othello.server.Game  - Moving will to [2, 6]
381296 [Thread-16] DEBUG org.himinbi.othello.server.ClientProxy  - Sending piece to : org.himinbi.othello.client.ai.GreedyBot [2, 6]
381304 [Thread-11] DEBUG org.himinbi.othello.server.Game  - Moving org.himinbi.othello.client.ai.GreedyBot to [1, 6]
381304 [Thread-11] DEBUG org.himinbi.othello.server.ClientProxy  - Sending piece to : will [1, 6]
385831 [Thread-16] DEBUG org.himinbi.othello.server.Game  - Moving will to [2, 7]
385831 [Thread-16] DEBUG org.himinbi.othello.server.ClientProxy  - Sending piece to : org.himinbi.othello.client.ai.GreedyBot [2, 7]
385836 [Thread-11] DEBUG org.himinbi.othello.server.Game  - Moving org.himinbi.othello.client.ai.GreedyBot to [1, 7]
385836 [Thread-11] DEBUG org.himinbi.othello.server.ClientProxy  - Sending piece to : will [1, 7]
388669 [Thread-16] DEBUG org.himinbi.othello.server.Game  - Moving will to [1, 8]
388670 [Thread-16] DEBUG org.himinbi.othello.server.ClientProxy  - Sending piece to : org.himinbi.othello.client.ai.GreedyBot [1, 8]
388673 [Thread-11] DEBUG org.himinbi.othello.server.Game  - Moving org.himinbi.othello.client.ai.GreedyBot to [2, 8]
388673 [Thread-11] DEBUG org.himinbi.othello.server.ClientProxy  - Sending piece to : will [2, 8]
393053 [Thread-16] DEBUG org.himinbi.othello.server.Game  - Moving will to [4, 7]
393053 [Thread-16] DEBUG org.himinbi.othello.server.ClientProxy  - Sending piece to : org.himinbi.othello.client.ai.GreedyBot [4, 7]
393061 [Thread-11] DEBUG org.himinbi.othello.server.Game  - Moving org.himinbi.othello.client.ai.GreedyBot to [6, 2]
393061 [Thread-11] DEBUG org.himinbi.othello.server.ClientProxy  - Sending piece to : will [6, 2]
396278 [Thread-16] DEBUG org.himinbi.othello.server.Game  - Moving will to [1, 5]
396279 [Thread-16] DEBUG org.himinbi.othello.server.ClientProxy  - Sending piece to : org.himinbi.othello.client.ai.GreedyBot [1, 5]
396291 [Thread-11] DEBUG org.himinbi.othello.server.Game  - Moving org.himinbi.othello.client.ai.GreedyBot to [6, 3]
396291 [Thread-11] DEBUG org.himinbi.othello.server.ClientProxy  - Sending piece to : will [6, 3]
398642 [Thread-16] DEBUG org.himinbi.othello.server.Game  - Moving will to [7, 1]
398642 [Thread-16] DEBUG org.himinbi.othello.server.ClientProxy  - Sending piece to : org.himinbi.othello.client.ai.GreedyBot [7, 1]
398645 [Thread-11] DEBUG org.himinbi.othello.server.Game  - Moving org.himinbi.othello.client.ai.GreedyBot to [6, 1]
398645 [Thread-11] DEBUG org.himinbi.othello.server.ClientProxy  - Sending piece to : will [6, 1]
404300 [Thread-16] DEBUG org.himinbi.othello.server.Game  - Moving will to [6, 5]
404301 [Thread-16] DEBUG org.himinbi.othello.server.ClientProxy  - Sending piece to : org.himinbi.othello.client.ai.GreedyBot [6, 5]
404304 [Thread-11] DEBUG org.himinbi.othello.server.Game  - Moving org.himinbi.othello.client.ai.GreedyBot to [8, 1]
404304 [Thread-11] DEBUG org.himinbi.othello.server.ClientProxy  - Sending piece to : will [8, 1]
406838 [Thread-16] DEBUG org.himinbi.othello.server.Game  - Moving will to [7, 2]
406838 [Thread-16] DEBUG org.himinbi.othello.server.ClientProxy  - Sending piece to : org.himinbi.othello.client.ai.GreedyBot [7, 2]
406841 [Thread-11] DEBUG org.himinbi.othello.server.Game  - Moving org.himinbi.othello.client.ai.GreedyBot to [2, 5]
406842 [Thread-11] DEBUG org.himinbi.othello.server.ClientProxy  - Sending piece to : will [2, 5]
411293 [Thread-16] DEBUG org.himinbi.othello.server.Game  - Moving will to [6, 7]
411294 [Thread-16] DEBUG org.himinbi.othello.server.ClientProxy  - Sending piece to : org.himinbi.othello.client.ai.GreedyBot [6, 7]
411297 [Thread-11] DEBUG org.himinbi.othello.server.Game  - Moving org.himinbi.othello.client.ai.GreedyBot to [7, 5]
411297 [Thread-11] DEBUG org.himinbi.othello.server.ClientProxy  - Sending piece to : will [7, 5]
413156 [Thread-16] DEBUG org.himinbi.othello.server.Game  - Moving will to [8, 7]
413156 [Thread-16] DEBUG org.himinbi.othello.server.ClientProxy  - Sending piece to : org.himinbi.othello.client.ai.GreedyBot [8, 7]
413159 [Thread-11] DEBUG org.himinbi.othello.server.Game  - Moving org.himinbi.othello.client.ai.GreedyBot to [8, 2]
413159 [Thread-11] DEBUG org.himinbi.othello.server.ClientProxy  - Sending piece to : will [8, 2]
417521 [Thread-16] DEBUG org.himinbi.othello.server.Game  - Moving will to [7, 4]
417521 [Thread-16] DEBUG org.himinbi.othello.server.ClientProxy  - Sending piece to : org.himinbi.othello.client.ai.GreedyBot [7, 4]
417524 [Thread-11] DEBUG org.himinbi.othello.server.Game  - Moving org.himinbi.othello.client.ai.GreedyBot to [8, 3]
417525 [Thread-11] DEBUG org.himinbi.othello.server.ClientProxy  - Sending piece to : will [8, 3]
420318 [Thread-16] DEBUG org.himinbi.othello.server.Game  - Moving will to [6, 4]
420318 [Thread-16] DEBUG org.himinbi.othello.server.ClientProxy  - Sending piece to : org.himinbi.othello.client.ai.GreedyBot [6, 4]
420330 [Thread-11] DEBUG org.himinbi.othello.server.Game  - Moving org.himinbi.othello.client.ai.GreedyBot to [8, 5]
420330 [Thread-11] DEBUG org.himinbi.othello.server.ClientProxy  - Sending piece to : will [8, 5]
422524 [Thread-16] DEBUG org.himinbi.othello.server.Game  - Moving will to [7, 3]
422524 [Thread-16] DEBUG org.himinbi.othello.server.ClientProxy  - Sending piece to : org.himinbi.othello.client.ai.GreedyBot [7, 3]
422527 [Thread-11] DEBUG org.himinbi.othello.server.Game  - Moving org.himinbi.othello.client.ai.GreedyBot to [5, 2]
422527 [Thread-11] DEBUG org.himinbi.othello.server.ClientProxy  - Sending piece to : will [5, 2]
424751 [Thread-16] DEBUG org.himinbi.othello.server.Game  - Moving will to [5, 1]
424751 [Thread-16] DEBUG org.himinbi.othello.server.ClientProxy  - Sending piece to : org.himinbi.othello.client.ai.GreedyBot [5, 1]
424754 [Thread-11] DEBUG org.himinbi.othello.server.Game  - Moving org.himinbi.othello.client.ai.GreedyBot to [8, 4]
424754 [Thread-11] DEBUG org.himinbi.othello.server.ClientProxy  - Sending piece to : will [8, 4]
428836 [Thread-16] DEBUG org.himinbi.othello.server.Game  - Moving will to [2, 4]
428836 [Thread-16] DEBUG org.himinbi.othello.server.ClientProxy  - Sending piece to : org.himinbi.othello.client.ai.GreedyBot [2, 4]
428839 [Thread-11] DEBUG org.himinbi.othello.server.Game  - Moving org.himinbi.othello.client.ai.GreedyBot to [1, 3]
428839 [Thread-11] DEBUG org.himinbi.othello.server.ClientProxy  - Sending piece to : will [1, 3]
432324 [Thread-16] DEBUG org.himinbi.othello.server.Game  - Moving will to [3, 4]
432325 [Thread-16] DEBUG org.himinbi.othello.server.ClientProxy  - Sending piece to : org.himinbi.othello.client.ai.GreedyBot [3, 4]
432340 [Thread-11] DEBUG org.himinbi.othello.server.Game  - Moving org.himinbi.othello.client.ai.GreedyBot to [3, 3]
432341 [Thread-11] DEBUG org.himinbi.othello.server.ClientProxy  - Sending piece to : will [3, 3]
434857 [Thread-16] DEBUG org.himinbi.othello.server.Game  - Moving will to [4, 3]
434858 [Thread-16] DEBUG org.himinbi.othello.server.ClientProxy  - Sending piece to : org.himinbi.othello.client.ai.GreedyBot [4, 3]
434860 [Thread-11] DEBUG org.himinbi.othello.server.Game  - Moving org.himinbi.othello.client.ai.GreedyBot to [4, 2]
434861 [Thread-11] DEBUG org.himinbi.othello.server.ClientProxy  - Sending piece to : will [4, 2]
436391 [Thread-16] DEBUG org.himinbi.othello.server.Game  - Moving will to [4, 1]
436391 [Thread-16] DEBUG org.himinbi.othello.server.ClientProxy  - Sending piece to : org.himinbi.othello.client.ai.GreedyBot [4, 1]
436394 [Thread-11] DEBUG org.himinbi.othello.server.Game  - Moving org.himinbi.othello.client.ai.GreedyBot to [3, 1]
436394 [Thread-11] DEBUG org.himinbi.othello.server.ClientProxy  - Sending piece to : will [3, 1]
438597 [Thread-16] DEBUG org.himinbi.othello.server.Game  - Moving will to [3, 2]
438598 [Thread-16] DEBUG org.himinbi.othello.server.ClientProxy  - Sending piece to : org.himinbi.othello.client.ai.GreedyBot [3, 2]
438605 [Thread-11] DEBUG org.himinbi.othello.server.Game  - Moving org.himinbi.othello.client.ai.GreedyBot to [2, 2]
438605 [Thread-11] DEBUG org.himinbi.othello.server.ClientProxy  - Sending piece to : will [2, 2]
440220 [Thread-16] DEBUG org.himinbi.othello.server.Game  - Moving will to [1, 1]
440220 [Thread-16] DEBUG org.himinbi.othello.server.ClientProxy  - Sending piece to : org.himinbi.othello.client.ai.GreedyBot [1, 1]
440223 [Thread-11] DEBUG org.himinbi.othello.server.Game  - Moving org.himinbi.othello.client.ai.GreedyBot to [1, 2]
440223 [Thread-11] DEBUG org.himinbi.othello.server.ClientProxy  - Sending piece to : will [1, 2]
444261 [Thread-16] DEBUG org.himinbi.othello.server.Game  - Moving will to [1, 4]
444261 [Thread-16] DEBUG org.himinbi.othello.server.ClientProxy  - Sending piece to : org.himinbi.othello.client.ai.GreedyBot [1, 4]
444263 [Thread-11] DEBUG org.himinbi.othello.server.Game  - Moving org.himinbi.othello.client.ai.GreedyBot to [2, 3]
444264 [Thread-11] DEBUG org.himinbi.othello.server.ClientProxy  - Sending piece to : will [2, 3]
445995 [Thread-16] DEBUG org.himinbi.othello.server.Game  - Moving will to [2, 1]
445995 [Thread-16] DEBUG org.himinbi.othello.server.ClientProxy  - Sending piece to : org.himinbi.othello.client.ai.GreedyBot [2, 1]
464770 [Thread-16] DEBUG org.himinbi.othello.server.GameServer  - Removing client: will
464771 [Thread-16] ERROR org.himinbi.othello.server.ClientProxy  - java.net.SocketException: null fd object
464771 [Thread-16] ERROR org.himinbi.othello.server.ClientProxy  - IO Error: null fd object
464772 [Thread-16] DEBUG org.himinbi.othello.server.GameServer  - Removing client: will
1060395 [Thread-19] DEBUG org.himinbi.othello.server.GameServer  - Adding client: roger
1069211 [Thread-19] DEBUG org.himinbi.othello.server.GameServer  - Processing game request for: roger
1069211 [Thread-19] DEBUG org.himinbi.othello.server.GameServer  - Starting game between roger and org.himinbi.othello.client.ai.RandomBot
1072932 [Thread-19] DEBUG org.himinbi.othello.server.Game  - Moving roger to [5, 6]
1072933 [Thread-19] DEBUG org.himinbi.othello.server.ClientProxy  - Sending piece to : org.himinbi.othello.client.ai.RandomBot [5, 6]
1072948 [Thread-10] DEBUG org.himinbi.othello.server.Game  - Moving org.himinbi.othello.client.ai.RandomBot to [6, 4]
1072949 [Thread-10] DEBUG org.himinbi.othello.server.ClientProxy  - Sending piece to : roger [6, 4]
1074270 [Thread-19] DEBUG org.himinbi.othello.server.Game  - Moving roger to [6, 3]
1074271 [Thread-19] DEBUG org.himinbi.othello.server.ClientProxy  - Sending piece to : org.himinbi.othello.client.ai.RandomBot [6, 3]
1074279 [Thread-10] DEBUG org.himinbi.othello.server.Game  - Moving org.himinbi.othello.client.ai.RandomBot to [6, 6]
1074279 [Thread-10] DEBUG org.himinbi.othello.server.ClientProxy  - Sending piece to : roger [6, 6]
1075120 [Thread-19] DEBUG org.himinbi.othello.server.Game  - Moving roger to [7, 4]
1075120 [Thread-19] DEBUG org.himinbi.othello.server.ClientProxy  - Sending piece to : org.himinbi.othello.client.ai.RandomBot [7, 4]
1075138 [Thread-10] DEBUG org.himinbi.othello.server.Game  - Moving org.himinbi.othello.client.ai.RandomBot to [4, 6]
1075138 [Thread-10] DEBUG org.himinbi.othello.server.ClientProxy  - Sending piece to : roger [4, 6]
1076748 [Thread-19] DEBUG org.himinbi.othello.server.Game  - Moving roger to [5, 7]
1076748 [Thread-19] DEBUG org.himinbi.othello.server.ClientProxy  - Sending piece to : org.himinbi.othello.client.ai.RandomBot [5, 7]
1076752 [Thread-10] DEBUG org.himinbi.othello.server.Game  - Moving org.himinbi.othello.client.ai.RandomBot to [8, 4]
1076752 [Thread-10] DEBUG org.himinbi.othello.server.ClientProxy  - Sending piece to : roger [8, 4]
1078561 [Thread-19] DEBUG org.himinbi.othello.server.Game  - Moving roger to [8, 5]
1078562 [Thread-19] DEBUG org.himinbi.othello.server.ClientProxy  - Sending piece to : org.himinbi.othello.client.ai.RandomBot [8, 5]
1078565 [Thread-10] DEBUG org.himinbi.othello.server.Game  - Moving org.himinbi.othello.client.ai.RandomBot to [7, 2]
1078565 [Thread-10] DEBUG org.himinbi.othello.server.ClientProxy  - Sending piece to : roger [7, 2]
1080301 [Thread-19] DEBUG org.himinbi.othello.server.Game  - Moving roger to [5, 2]
1080301 [Thread-19] DEBUG org.himinbi.othello.server.ClientProxy  - Sending piece to : org.himinbi.othello.client.ai.RandomBot [5, 2]
1080305 [Thread-10] DEBUG org.himinbi.othello.server.Game  - Moving org.himinbi.othello.client.ai.RandomBot to [6, 5]
1080306 [Thread-10] DEBUG org.himinbi.othello.server.ClientProxy  - Sending piece to : roger [6, 5]
1080977 [Thread-19] DEBUG org.himinbi.othello.server.Game  - Moving roger to [5, 3]
1080978 [Thread-19] DEBUG org.himinbi.othello.server.ClientProxy  - Sending piece to : org.himinbi.othello.client.ai.RandomBot [5, 3]
1080983 [Thread-10] DEBUG org.himinbi.othello.server.Game  - Moving org.himinbi.othello.client.ai.RandomBot to [4, 2]
1080983 [Thread-10] DEBUG org.himinbi.othello.server.ClientProxy  - Sending piece to : roger [4, 2]
1081904 [Thread-19] DEBUG org.himinbi.othello.server.Game  - Moving roger to [3, 2]
1081904 [Thread-19] DEBUG org.himinbi.othello.server.ClientProxy  - Sending piece to : org.himinbi.othello.client.ai.RandomBot [3, 2]
1081909 [Thread-10] DEBUG org.himinbi.othello.server.Game  - Moving org.himinbi.othello.client.ai.RandomBot to [6, 7]
1081909 [Thread-10] DEBUG org.himinbi.othello.server.ClientProxy  - Sending piece to : roger [6, 7]
1082509 [Thread-19] DEBUG org.himinbi.othello.server.Game  - Moving roger to [3, 3]
1082510 [Thread-19] DEBUG org.himinbi.othello.server.ClientProxy  - Sending piece to : org.himinbi.othello.client.ai.RandomBot [3, 3]
1082513 [Thread-10] DEBUG org.himinbi.othello.server.Game  - Moving org.himinbi.othello.client.ai.RandomBot to [7, 3]
1082513 [Thread-10] DEBUG org.himinbi.othello.server.ClientProxy  - Sending piece to : roger [7, 3]
1082901 [Thread-19] DEBUG org.himinbi.othello.server.Game  - Moving roger to [3, 5]
1082901 [Thread-19] DEBUG org.himinbi.othello.server.ClientProxy  - Sending piece to : org.himinbi.othello.client.ai.RandomBot [3, 5]
1082904 [Thread-10] DEBUG org.himinbi.othello.server.Game  - Moving org.himinbi.othello.client.ai.RandomBot to [3, 7]
1082904 [Thread-10] DEBUG org.himinbi.othello.server.ClientProxy  - Sending piece to : roger [3, 7]
1085041 [Thread-19] DEBUG org.himinbi.othello.server.Game  - Moving roger to [7, 8]
1085041 [Thread-19] DEBUG org.himinbi.othello.server.ClientProxy  - Sending piece to : org.himinbi.othello.client.ai.RandomBot [7, 8]
1085044 [Thread-10] DEBUG org.himinbi.othello.server.Game  - Moving org.himinbi.othello.client.ai.RandomBot to [4, 3]
1085044 [Thread-10] DEBUG org.himinbi.othello.server.ClientProxy  - Sending piece to : roger [4, 3]
1086569 [Thread-19] ERROR org.himinbi.othello.server.ClientProxy  - org.xml.sax.SAXParseException: The element type "game" must be terminated by the matching end-tag "</game>".
1086577 [Thread-19] DEBUG org.himinbi.othello.server.GameServer  - Removing client: roger
1086578 [Thread-19] ERROR org.himinbi.othello.server.ClientProxy  - org.xml.sax.SAXParseException: The element type "game" must be terminated by the matching end-tag "</game>".
1086579 [Thread-19] DEBUG org.himinbi.othello.server.GameServer  - Removing client: roger
79497765 [Thread-21] DEBUG org.himinbi.othello.server.GameServer  - Adding client: Marc
79505469 [Thread-21] DEBUG org.himinbi.othello.server.GameServer  - Processing game request for: Marc
79505469 [Thread-21] DEBUG org.himinbi.othello.server.GameServer  - Starting game between Marc and org.himinbi.othello.client.ai.GreedyBot
79514855 [Thread-21] DEBUG org.himinbi.othello.server.GameServer  - Processing game request for: Marc
79514855 [Thread-21] DEBUG org.himinbi.othello.server.GameServer  - Putting in waiting queue
79522171 [Thread-21] DEBUG org.himinbi.othello.server.GameServer  - Removing client: Marc
79522173 [Thread-21] ERROR org.himinbi.othello.server.ClientProxy  - java.net.SocketException: null fd object
79522173 [Thread-21] ERROR org.himinbi.othello.server.ClientProxy  - IO Error: null fd object
79522174 [Thread-21] DEBUG org.himinbi.othello.server.GameServer  - Removing client: Marc
79525378 [Thread-23] DEBUG org.himinbi.othello.server.GameServer  - Adding client: Marc
79529507 [Thread-23] DEBUG org.himinbi.othello.server.GameServer  - Removing client: Marc
79529508 [Thread-23] ERROR org.himinbi.othello.server.ClientProxy  - java.net.SocketException: null fd object
79529508 [Thread-23] ERROR org.himinbi.othello.server.ClientProxy  - IO Error: null fd object
79529509 [Thread-23] DEBUG org.himinbi.othello.server.GameServer  - Removing client: Marc
79535123 [Thread-24] DEBUG org.himinbi.othello.server.GameServer  - Adding client: Marc
79545701 [Thread-24] DEBUG org.himinbi.othello.server.GameServer  - Processing game request for: Marc
79545701 [Thread-24] DEBUG org.himinbi.othello.server.GameServer  - Starting game between Marc and org.himinbi.othello.client.ai.GreedyBot
79579658 [Thread-24] DEBUG org.himinbi.othello.server.Game  - Moving Marc to [6, 5]
79579658 [Thread-24] DEBUG org.himinbi.othello.server.ClientProxy  - Sending piece to : org.himinbi.othello.client.ai.GreedyBot [6, 5]
79579669 [Thread-11] DEBUG org.himinbi.othello.server.Game  - Moving org.himinbi.othello.client.ai.GreedyBot to [6, 6]
79579669 [Thread-11] DEBUG org.himinbi.othello.server.ClientProxy  - Sending piece to : Marc [6, 6]
79590019 [Thread-24] DEBUG org.himinbi.othello.server.Game  - Moving Marc to [6, 7]
79590019 [Thread-24] DEBUG org.himinbi.othello.server.ClientProxy  - Sending piece to : org.himinbi.othello.client.ai.GreedyBot [6, 7]
79590029 [Thread-11] DEBUG org.himinbi.othello.server.Game  - Moving org.himinbi.othello.client.ai.GreedyBot to [7, 7]
79590029 [Thread-11] DEBUG org.himinbi.othello.server.ClientProxy  - Sending piece to : Marc [7, 7]
79601426 [Thread-24] DEBUG org.himinbi.othello.server.Game  - Moving Marc to [5, 6]
79601426 [Thread-24] DEBUG org.himinbi.othello.server.ClientProxy  - Sending piece to : org.himinbi.othello.client.ai.GreedyBot [5, 6]
79601430 [Thread-11] DEBUG org.himinbi.othello.server.Game  - Moving org.himinbi.othello.client.ai.GreedyBot to [6, 8]
79601430 [Thread-11] DEBUG org.himinbi.othello.server.ClientProxy  - Sending piece to : Marc [6, 8]
79618873 [Thread-24] DEBUG org.himinbi.othello.server.Game  - Moving Marc to [8, 8]
79618873 [Thread-24] DEBUG org.himinbi.othello.server.ClientProxy  - Sending piece to : org.himinbi.othello.client.ai.GreedyBot [8, 8]
79618876 [Thread-11] DEBUG org.himinbi.othello.server.Game  - Moving org.himinbi.othello.client.ai.GreedyBot to [8, 7]
79618876 [Thread-11] DEBUG org.himinbi.othello.server.ClientProxy  - Sending piece to : Marc [8, 7]
79627047 [Thread-24] DEBUG org.himinbi.othello.server.Game  - Moving Marc to [8, 6]
79627048 [Thread-24] DEBUG org.himinbi.othello.server.ClientProxy  - Sending piece to : org.himinbi.othello.client.ai.GreedyBot [8, 6]
79627052 [Thread-11] DEBUG org.himinbi.othello.server.Game  - Moving org.himinbi.othello.client.ai.GreedyBot to [6, 4]
79627052 [Thread-11] DEBUG org.himinbi.othello.server.ClientProxy  - Sending piece to : Marc [6, 4]
79689668 [Thread-24] ERROR org.himinbi.othello.server.ClientProxy  - org.xml.sax.SAXParseException: The element type "game" must be terminated by the matching end-tag "</game>".
79689669 [Thread-24] DEBUG org.himinbi.othello.server.GameServer  - Removing client: Marc
79689670 [Thread-24] ERROR org.himinbi.othello.server.ClientProxy  - org.xml.sax.SAXParseException: The element type "game" must be terminated by the matching end-tag "</game>".
79689671 [Thread-24] DEBUG org.himinbi.othello.server.GameServer  - Removing client: Marc
80102976 [Thread-26] DEBUG org.himinbi.othello.server.GameServer  - Adding client: Marc
80111510 [Thread-26] DEBUG org.himinbi.othello.server.GameServer  - Processing game request for: Marc
80111510 [Thread-26] DEBUG org.himinbi.othello.server.GameServer  - Starting game between Marc and org.himinbi.othello.client.ai.GreedyBot
80118991 [Thread-26] DEBUG org.himinbi.othello.server.Game  - Moving org.himinbi.othello.client.ai.GreedyBot to [5, 6]
80118992 [Thread-26] DEBUG org.himinbi.othello.server.ClientProxy  - Sending piece to : Marc [5, 6]
80171623 [Thread-26] ERROR org.himinbi.othello.server.ClientProxy  - org.xml.sax.SAXParseException: The element type "game" must be terminated by the matching end-tag "</game>".
80171624 [Thread-26] DEBUG org.himinbi.othello.server.GameServer  - Removing client: Marc
80171625 [Thread-26] ERROR org.himinbi.othello.server.ClientProxy  - org.xml.sax.SAXParseException: The element type "game" must be terminated by the matching end-tag "</game>".
80171626 [Thread-26] DEBUG org.himinbi.othello.server.GameServer  - Removing client: Marc
80279533 [Thread-28] DEBUG org.himinbi.othello.server.GameServer  - Adding client: sdf
80285323 [Thread-28] DEBUG org.himinbi.othello.server.GameServer  - Processing game request for: sdf
80285327 [Thread-28] DEBUG org.himinbi.othello.server.GameServer  - Starting game between sdf and org.himinbi.othello.client.ai.GreedyBot
80286441 [Thread-28] DEBUG org.himinbi.othello.server.Game  - Moving org.himinbi.othello.client.ai.GreedyBot to [5, 6]
80286441 [Thread-28] DEBUG org.himinbi.othello.server.ClientProxy  - Sending piece to : sdf [5, 6]
80296009 [Thread-28] DEBUG org.himinbi.othello.server.Game  - Moving sdf to [6, 6]
80296010 [Thread-28] DEBUG org.himinbi.othello.server.ClientProxy  - Sending piece to : org.himinbi.othello.client.ai.GreedyBot [6, 6]
80296014 [Thread-11] DEBUG org.himinbi.othello.server.Game  - Moving org.himinbi.othello.client.ai.GreedyBot to [7, 6]
80296015 [Thread-11] DEBUG org.himinbi.othello.server.ClientProxy  - Sending piece to : sdf [7, 6]
80303321 [Thread-28] DEBUG org.himinbi.othello.server.Game  - Moving sdf to [7, 7]
80303322 [Thread-28] DEBUG org.himinbi.othello.server.ClientProxy  - Sending piece to : org.himinbi.othello.client.ai.GreedyBot [7, 7]
80303324 [Thread-11] DEBUG org.himinbi.othello.server.Game  - Moving org.himinbi.othello.client.ai.GreedyBot to [7, 8]
80303325 [Thread-11] DEBUG org.himinbi.othello.server.ClientProxy  - Sending piece to : sdf [7, 8]
80308929 [Thread-28] DEBUG org.himinbi.othello.server.Game  - Moving sdf to [8, 8]
80308930 [Thread-28] DEBUG org.himinbi.othello.server.ClientProxy  - Sending piece to : org.himinbi.othello.client.ai.GreedyBot [8, 8]
80308936 [Thread-11] DEBUG org.himinbi.othello.server.Game  - Moving org.himinbi.othello.client.ai.GreedyBot to [6, 5]
80308936 [Thread-11] DEBUG org.himinbi.othello.server.ClientProxy  - Sending piece to : sdf [6, 5]
80323875 [Thread-28] DEBUG org.himinbi.othello.server.Game  - Moving sdf to [8, 6]
80323875 [Thread-28] DEBUG org.himinbi.othello.server.ClientProxy  - Sending piece to : org.himinbi.othello.client.ai.GreedyBot [8, 6]
80323898 [Thread-11] DEBUG org.himinbi.othello.server.Game  - Moving org.himinbi.othello.client.ai.GreedyBot to [8, 7]
80323898 [Thread-11] DEBUG org.himinbi.othello.server.ClientProxy  - Sending piece to : sdf [8, 7]
80330815 [Thread-28] DEBUG org.himinbi.othello.server.Game  - Moving sdf to [6, 8]
80330816 [Thread-28] DEBUG org.himinbi.othello.server.ClientProxy  - Sending piece to : org.himinbi.othello.client.ai.GreedyBot [6, 8]
80330819 [Thread-11] DEBUG org.himinbi.othello.server.Game  - Moving org.himinbi.othello.client.ai.GreedyBot to [6, 7]
80330819 [Thread-11] DEBUG org.himinbi.othello.server.ClientProxy  - Sending piece to : sdf [6, 7]
