0    [main] INFO  org.himinbi.othello.client.ai.TrashTalkBot  - Initializing from: /conf/trashtalk_phrases.txt
1012 [Thread-1] INFO  org.himinbi.othello.client.ai.BotBase  - Connected to server: CSC424 Othello Server (All Othello All The Time)
22446 [Thread-1] INFO  org.himinbi.othello.client.ai.BotBase  - Starting game with: will playing as white
25870 [Thread-1] DEBUG org.himinbi.othello.client.ai.BotBase  - Opponent moved to: [6, 5]
25883 [Thread-1] DEBUG org.himinbi.othello.client.ai.RandomBot  - Moving to: [6, 4]
27393 [Thread-1] DEBUG org.himinbi.othello.client.ai.BotBase  - Opponent moved to: [6, 3]
27399 [Thread-1] DEBUG org.himinbi.othello.client.ai.RandomBot  - Moving to: [4, 6]
29137 [Thread-1] DEBUG org.himinbi.othello.client.ai.BotBase  - Opponent moved to: [3, 5]
29152 [Thread-1] DEBUG org.himinbi.othello.client.ai.RandomBot  - Moving to: [7, 4]
30732 [Thread-1] DEBUG org.himinbi.othello.client.ai.BotBase  - Opponent moved to: [8, 3]
30733 [Thread-1] DEBUG org.himinbi.othello.client.ai.RandomBot  - Moving to: [6, 2]
32012 [Thread-1] DEBUG org.himinbi.othello.client.ai.BotBase  - Opponent moved to: [6, 1]
32013 [Thread-1] DEBUG org.himinbi.othello.client.ai.TrashTalkBot  - Sending to will "Are you ready to rumble?"
32014 [Thread-1] DEBUG org.himinbi.othello.client.ai.RandomBot  - Moving to: [7, 2]
34924 [Thread-1] DEBUG org.himinbi.othello.client.ai.BotBase  - Opponent moved to: [8, 1]
34935 [Thread-1] DEBUG org.himinbi.othello.client.ai.RandomBot  - Moving to: [2, 6]
36637 [Thread-1] DEBUG org.himinbi.othello.client.ai.BotBase  - Opponent moved to: [2, 5]
36637 [Thread-1] DEBUG org.himinbi.othello.client.ai.RandomBot  - Moving to: [7, 3]
40684 [Thread-1] DEBUG org.himinbi.othello.client.ai.BotBase  - Opponent moved to: [4, 7]
40685 [Thread-1] DEBUG org.himinbi.othello.client.ai.RandomBot  - Moving to: [7, 5]
42338 [Thread-1] DEBUG org.himinbi.othello.client.ai.BotBase  - Opponent moved to: [8, 2]
42339 [Thread-1] DEBUG org.himinbi.othello.client.ai.TrashTalkBot  - Sending to will "You're going down"
42343 [Thread-1] DEBUG org.himinbi.othello.client.ai.RandomBot  - Moving to: [7, 1]
51274 [Thread-1] DEBUG org.himinbi.othello.client.ai.BotBase  - Opponent moved to: [5, 3]
51275 [Thread-1] DEBUG org.himinbi.othello.client.ai.TrashTalkBot  - Sending to will "Suck it, Trebek"
51280 [Thread-1] DEBUG org.himinbi.othello.client.ai.RandomBot  - Moving to: [4, 2]
54904 [Thread-1] DEBUG org.himinbi.othello.client.ai.BotBase  - Opponent moved to: [8, 5]
54904 [Thread-1] DEBUG org.himinbi.othello.client.ai.TrashTalkBot  - Sending to will "Are you ready to rumble?"
54905 [Thread-1] DEBUG org.himinbi.othello.client.ai.RandomBot  - Moving to: [5, 6]
57645 [Thread-1] DEBUG org.himinbi.othello.client.ai.BotBase  - Opponent moved to: [3, 1]
57645 [Thread-1] DEBUG org.himinbi.othello.client.ai.RandomBot  - Moving to: [3, 6]
59219 [Thread-1] DEBUG org.himinbi.othello.client.ai.BotBase  - Opponent moved to: [5, 7]
59219 [Thread-1] DEBUG org.himinbi.othello.client.ai.RandomBot  - Moving to: [1, 4]
62826 [Thread-1] DEBUG org.himinbi.othello.client.ai.BotBase  - Opponent moved to: [1, 5]
62827 [Thread-1] DEBUG org.himinbi.othello.client.ai.RandomBot  - Moving to: [3, 7]
68274 [Thread-1] DEBUG org.himinbi.othello.client.ai.BotBase  - Opponent moved to: [1, 3]
68275 [Thread-1] DEBUG org.himinbi.othello.client.ai.RandomBot  - Moving to: [3, 3]
73053 [Thread-1] DEBUG org.himinbi.othello.client.ai.BotBase  - Opponent moved to: [4, 3]
73054 [Thread-1] DEBUG org.himinbi.othello.client.ai.RandomBot  - Moving to: [7, 6]
76270 [Thread-1] DEBUG org.himinbi.othello.client.ai.BotBase  - Opponent moved to: [8, 4]
76270 [Thread-1] DEBUG org.himinbi.othello.client.ai.TrashTalkBot  - Sending to will "You think you can handle this?"
76271 [Thread-1] DEBUG org.himinbi.othello.client.ai.RandomBot  - Moving to: [6, 6]
79808 [Thread-1] DEBUG org.himinbi.othello.client.ai.BotBase  - Opponent moved to: [8, 7]
79809 [Thread-1] DEBUG org.himinbi.othello.client.ai.TrashTalkBot  - Sending to will "Suck it, Trebek"
79809 [Thread-1] DEBUG org.himinbi.othello.client.ai.RandomBot  - Moving to: [2, 4]
82700 [Thread-1] DEBUG org.himinbi.othello.client.ai.BotBase  - Opponent moved to: [1, 6]
82701 [Thread-1] DEBUG org.himinbi.othello.client.ai.TrashTalkBot  - Sending to will "You think you can handle this?"
82701 [Thread-1] DEBUG org.himinbi.othello.client.ai.RandomBot  - Moving to: [1, 7]
85557 [Thread-1] DEBUG org.himinbi.othello.client.ai.BotBase  - Opponent moved to: [1, 8]
85557 [Thread-1] DEBUG org.himinbi.othello.client.ai.RandomBot  - Moving to: [5, 8]
87452 [Thread-1] DEBUG org.himinbi.othello.client.ai.BotBase  - Opponent moved to: [6, 8]
87453 [Thread-1] DEBUG org.himinbi.othello.client.ai.RandomBot  - Moving to: [5, 1]
89452 [Thread-1] DEBUG org.himinbi.othello.client.ai.BotBase  - Opponent moved to: [4, 1]
89452 [Thread-1] DEBUG org.himinbi.othello.client.ai.TrashTalkBot  - Sending to will "You think you can handle this?"
89462 [Thread-1] DEBUG org.himinbi.othello.client.ai.RandomBot  - Moving to: [5, 2]
94182 [Thread-1] DEBUG org.himinbi.othello.client.ai.BotBase  - Opponent moved to: [6, 7]
94185 [Thread-1] DEBUG org.himinbi.othello.client.ai.TrashTalkBot  - Sending to will "Are you ready to rumble?"
94186 [Thread-1] DEBUG org.himinbi.othello.client.ai.RandomBot  - Moving to: [3, 2]
97403 [Thread-1] DEBUG org.himinbi.othello.client.ai.BotBase  - Opponent moved to: [2, 2]
97403 [Thread-1] DEBUG org.himinbi.othello.client.ai.RandomBot  - Moving to: [1, 1]
101575 [Thread-1] DEBUG org.himinbi.othello.client.ai.BotBase  - Opponent moved to: [1, 2]
101575 [Thread-1] DEBUG org.himinbi.othello.client.ai.TrashTalkBot  - Sending to will "I'm gonna whoop you"
101575 [Thread-1] DEBUG org.himinbi.othello.client.ai.RandomBot  - Moving to: [4, 8]
104802 [Thread-1] DEBUG org.himinbi.othello.client.ai.BotBase  - Opponent moved to: [3, 8]
104802 [Thread-1] DEBUG org.himinbi.othello.client.ai.RandomBot  - Moving to: [2, 1]
106777 [Thread-1] DEBUG org.himinbi.othello.client.ai.BotBase  - Opponent moved to: [2, 3]
106778 [Thread-1] DEBUG org.himinbi.othello.client.ai.RandomBot  - Moving to: [7, 7]
108381 [Thread-1] DEBUG org.himinbi.othello.client.ai.BotBase  - Opponent moved to: [8, 6]
108382 [Thread-1] DEBUG org.himinbi.othello.client.ai.TrashTalkBot  - Sending to will "Are you ready to rumble?"
108382 [Thread-1] DEBUG org.himinbi.othello.client.ai.RandomBot  - Moving to: [8, 8]
111173 [Thread-1] DEBUG org.himinbi.othello.client.ai.BotBase  - Opponent moved to: [7, 8]
111173 [Thread-1] DEBUG org.himinbi.othello.client.ai.RandomBot  - Moving to: [2, 8]
113058 [Thread-1] DEBUG org.himinbi.othello.client.ai.BotBase  - Opponent moved to: [2, 7]
113058 [Thread-1] DEBUG org.himinbi.othello.client.ai.RandomBot  - Moving to: [3, 4]
113064 [Thread-1] INFO  org.himinbi.othello.client.ai.BotBase  - Loss: winning pieces = 45 / total pieces = 64
